01 Jul 2015 14:10:51 triplecng.py[line:213] INFO triplecng received data : [16, 131, 1, 208, 245]
01 Jul 2015 14:10:51 triplecng.py[line:213] INFO triplecng received data : [16, 3, 2, 0, 0, 68, 71]
01 Jul 2015 14:10:51 triplecng.py[line:213] INFO triplecng received data : [16, 131, 1, 208, 245]
01 Jul 2015 14:10:51 triplecng.py[line:213] INFO triplecng received data : [16, 3, 8, 0, 40, 0, 60, 1, 244, 0, 20, 125, 237]
01 Jul 2015 14:10:51 triplecng.py[line:213] INFO triplecng received data : [16, 3, 10, 0, 120, 0, 250, 0, 230, 0, 50, 0, 70, 105, 65]
01 Jul 2015 14:10:51 triplecng.py[line:213] INFO triplecng received data : [16, 3, 12, 0, 0, 0, 3, 0, 120, 0, 250, 0, 230, 0, 0, 151, 104]
01 Jul 2015 14:10:51 triplecng.py[line:213] INFO triplecng received data : [16, 3, 14, 0, 0, 255, 206, 0, 45, 0, 130, 0, 8, 0, 30, 0, 0, 206, 32]
01 Jul 2015 14:10:51 triplecng.py[line:213] INFO triplecng received data : [16, 3, 50, 0, 0, 0, 16, 0, 1, 0, 0, 0, 55, 0, 45, 0, 5, 0, 1, 0, 0, 1, 94, 0, 1, 1, 44, 1, 44, 0, 50, 0, 1, 1, 224, 0, 30, 0, 1, 1, 44, 0, 50, 1, 244, 0, 1, 1, 44, 0, 50, 1, 244, 91, 23]
01 Jul 2015 14:10:51 triplecng.py[line:213] INFO triplecng received data : [16, 131, 1, 208, 245]
01 Jul 2015 14:10:51 triplecng.py[line:213] INFO triplecng received data : [17, 131, 1, 129, 53]
01 Jul 2015 14:10:52 triplecng.py[line:213] INFO triplecng received data : [17, 3, 2, 0, 0, 121, 135]
01 Jul 2015 14:10:52 triplecng.py[line:213] INFO triplecng received data : [17, 131, 1, 129, 53]
01 Jul 2015 14:10:52 triplecng.py[line:213] INFO triplecng received data : [17, 3, 8, 0, 40, 0, 60, 1, 244, 0, 20, 121, 17]
01 Jul 2015 14:10:52 triplecng.py[line:213] INFO triplecng received data : [17, 3, 10, 0, 120, 0, 230, 0, 250, 0, 50, 0, 70, 103, 195]
01 Jul 2015 14:10:52 triplecng.py[line:213] INFO triplecng received data : [17, 3, 12, 0, 0, 0, 3, 0, 120, 0, 230, 0, 250, 0, 0, 70, 108]
01 Jul 2015 14:10:52 triplecng.py[line:213] INFO triplecng received data : [17, 3, 14, 0, 0, 255, 186, 0, 45, 0, 130, 0, 8, 0, 30, 0, 0, 32, 65]
01 Jul 2015 14:10:52 triplecng.py[line:213] INFO triplecng received data : [17, 3, 50, 0, 0, 0, 17, 0, 1, 0, 0, 0, 55, 0, 45, 0, 5, 0, 1, 0, 0, 1, 94, 0, 1, 1, 44, 1, 44, 0, 50, 0, 1, 1, 224, 0, 30, 0, 1, 1, 44, 0, 50, 1, 244, 0, 1, 1, 44, 0, 50, 1, 244, 174, 30]
01 Jul 2015 14:10:52 triplecng.py[line:213] INFO triplecng received data : [17, 131, 1, 129, 53]
01 Jul 2015 14:10:52 triplecng.py[line:213] INFO triplecng received data : [18, 131, 1, 113, 53]
01 Jul 2015 14:10:53 triplecng.py[line:213] INFO triplecng received data : [18, 3, 2, 0, 0, 61, 135]
01 Jul 2015 14:10:53 triplecng.py[line:213] INFO triplecng received data : [18, 131, 1, 113, 53]
01 Jul 2015 14:10:53 triplecng.py[line:213] INFO triplecng received data : [18, 3, 8, 0, 40, 0, 60, 1, 244, 0, 20, 118, 85]
01 Jul 2015 14:10:53 triplecng.py[line:213] INFO triplecng received data : [18, 3, 10, 0, 140, 0, 250, 1, 194, 0, 40, 0, 70, 8, 214]
01 Jul 2015 14:10:53 triplecng.py[line:213] INFO triplecng received data : [18, 3, 12, 0, 0, 0, 3, 0, 140, 0, 250, 1, 194, 0, 0, 225, 81]
01 Jul 2015 14:10:53 triplecng.py[line:213] INFO triplecng received data : [18, 3, 14, 0, 0, 255, 206, 0, 45, 0, 130, 0, 8, 0, 30, 0, 0, 111, 64]
01 Jul 2015 14:10:53 triplecng.py[line:213] INFO triplecng received data : [18, 3, 50, 0, 0, 0, 18, 0, 1, 0, 0, 0, 45, 0, 35, 0, 5, 0, 1, 0, 0, 1, 94, 0, 1, 1, 44, 1, 44, 0, 50, 0, 1, 1, 224, 0, 30, 0, 1, 1, 44, 0, 50, 1, 244, 0, 1, 1, 44, 0, 50, 1, 244, 154, 14]
01 Jul 2015 14:10:53 triplecng.py[line:213] INFO triplecng received data : [18, 131, 1, 113, 53]
01 Jul 2015 14:10:53 triplecng.py[line:213] INFO triplecng received data : [19, 131, 1, 32, 245]
01 Jul 2015 14:10:53 triplecng.py[line:213] INFO triplecng received data : [19, 3, 2, 0, 0, 0, 71]
01 Jul 2015 14:10:54 triplecng.py[line:213] INFO triplecng received data : [19, 131, 1, 32, 245]
01 Jul 2015 14:10:54 triplecng.py[line:213] INFO triplecng received data : [19, 3, 8, 0, 40, 0, 60, 1, 244, 0, 20, 114, 169]
01 Jul 2015 14:10:54 triplecng.py[line:213] INFO triplecng received data : [19, 3, 10, 0, 140, 0, 230, 1, 194, 0, 50, 0, 70, 246, 81]
01 Jul 2015 14:10:54 triplecng.py[line:213] INFO triplecng received data : [19, 3, 12, 0, 0, 0, 3, 0, 140, 0, 230, 1, 194, 0, 0, 241, 147]
01 Jul 2015 14:10:54 triplecng.py[line:213] INFO triplecng received data : [19, 3, 14, 0, 0, 255, 206, 0, 45, 0, 130, 0, 8, 0, 30, 0, 0, 62, 208]
01 Jul 2015 14:10:54 triplecng.py[line:213] INFO triplecng received data : [19, 3, 50, 0, 0, 0, 19, 0, 1, 0, 0, 0, 45, 0, 35, 0, 5, 0, 1, 0, 0, 1, 94, 0, 1, 1, 44, 1, 44, 0, 50, 0, 1, 1, 224, 0, 30, 0, 1, 1, 44, 0, 50, 1, 244, 0, 1, 1, 44, 0, 50, 1, 244, 111, 7]
01 Jul 2015 14:10:54 triplecng.py[line:213] INFO triplecng received data : [19, 131, 1, 32, 245]
01 Jul 2015 14:10:54 triplecng.py[line:213] INFO triplecng received data : [16, 131, 1, 208, 245]
01 Jul 2015 14:10:54 triplecng.py[line:213] INFO triplecng received data : [16, 3, 2, 0, 0, 68, 71]
01 Jul 2015 14:10:54 triplecng.py[line:213] INFO triplecng received data : [16, 131, 1, 208, 245]
01 Jul 2015 14:10:55 triplecng.py[line:213] INFO triplecng received data : [16, 3, 8, 0, 40, 0, 60, 1, 244, 0, 20, 125, 237]
01 Jul 2015 14:10:55 triplecng.py[line:213] INFO triplecng received data : [16, 3, 10, 0, 120, 0, 250, 0, 230, 0, 50, 0, 70, 105, 65]
01 Jul 2015 14:10:55 triplecng.py[line:213] INFO triplecng received data : [16, 3, 12, 0, 0, 0, 3, 0, 120, 0, 250, 0, 230, 0, 0, 151, 104]
01 Jul 2015 14:10:55 triplecng.py[line:213] INFO triplecng received data : [16, 3, 14, 0, 0, 255, 206, 0, 45, 0, 130, 0, 8, 0, 30, 0, 0, 206, 32]
01 Jul 2015 14:10:55 triplecng.py[line:213] INFO triplecng received data : [16, 3, 50, 0, 0, 0, 16, 0, 1, 0, 0, 0, 55, 0, 45, 0, 5, 0, 1, 0, 0, 1, 94, 0, 1, 1, 44, 1, 44, 0, 50, 0, 1, 1, 224, 0, 30, 0, 1, 1, 44, 0, 50, 1, 244, 0, 1, 1, 44, 0, 50, 1, 244, 91, 23]
01 Jul 2015 14:10:55 triplecng.py[line:213] INFO triplecng received data : [16, 131, 1, 208, 245]
01 Jul 2015 14:10:55 triplecng.py[line:213] INFO triplecng received data : [17, 131, 1, 129, 53]
01 Jul 2015 14:10:55 triplecng.py[line:213] INFO triplecng received data : [17, 3, 2, 0, 0, 121, 135]
01 Jul 2015 14:10:55 triplecng.py[line:213] INFO triplecng received data : [17, 131, 1, 129, 53]
01 Jul 2015 14:10:55 triplecng.py[line:213] INFO triplecng received data : [17, 3, 8, 0, 40, 0, 60, 1, 244, 0, 20, 121, 17]
01 Jul 2015 14:10:56 triplecng.py[line:213] INFO triplecng received data : [17, 3, 10, 0, 120, 0, 230, 0, 250, 0, 50, 0, 70, 103, 195]
01 Jul 2015 14:10:56 triplecng.py[line:213] INFO triplecng received data : [17, 3, 12, 0, 0, 0, 3, 0, 120, 0, 230, 0, 250, 0, 0, 70, 108]
01 Jul 2015 14:10:56 triplecng.py[line:213] INFO triplecng received data : [17, 3, 14, 0, 0, 255, 186, 0, 45, 0, 130, 0, 8, 0, 30, 0, 0, 32, 65]
01 Jul 2015 14:10:56 triplecng.py[line:213] INFO triplecng received data : [17, 3, 50, 0, 0, 0, 17, 0, 1, 0, 0, 0, 55, 0, 45, 0, 5, 0, 1, 0, 0, 1, 94, 0, 1, 1, 44, 1, 44, 0, 50, 0, 1, 1, 224, 0, 30, 0, 1, 1, 44, 0, 50, 1, 244, 0, 1, 1, 44, 0, 50, 1, 244, 174, 30]
01 Jul 2015 14:10:56 triplecng.py[line:213] INFO triplecng received data : [17, 131, 1, 129, 53]
01 Jul 2015 14:10:56 triplecng.py[line:213] INFO triplecng received data : [18, 131, 1, 113, 53]
01 Jul 2015 14:10:56 triplecng.py[line:213] INFO triplecng received data : [18, 3, 2, 0, 0, 61, 135]
01 Jul 2015 14:10:56 triplecng.py[line:213] INFO triplecng received data : [18, 131, 1, 113, 53]
01 Jul 2015 14:10:56 triplecng.py[line:213] INFO triplecng received data : [18, 3, 8, 0, 40, 0, 60, 1, 244, 0, 20, 118, 85]
01 Jul 2015 14:10:56 triplecng.py[line:213] INFO triplecng received data : [18, 3, 10, 0, 140, 0, 250, 1, 194, 0, 40, 0, 70, 8, 214]
01 Jul 2015 14:10:57 triplecng.py[line:213] INFO triplecng received data : [18, 3, 12, 0, 0, 0, 3, 0, 140, 0, 250, 1, 194, 0, 0, 225, 81]
01 Jul 2015 14:10:57 triplecng.py[line:213] INFO triplecng received data : [18, 3, 14, 0, 0, 255, 206, 0, 45, 0, 130, 0, 8, 0, 30, 0, 0, 111, 64]
01 Jul 2015 14:10:57 triplecng.py[line:213] INFO triplecng received data : [18, 3, 50, 0, 0, 0, 18, 0, 1, 0, 0, 0, 45, 0, 35, 0, 5, 0, 1, 0, 0, 1, 94, 0, 1, 1, 44, 1, 44, 0, 50, 0, 1, 1, 224, 0, 30, 0, 1, 1, 44, 0, 50, 1, 244, 0, 1, 1, 44, 0, 50, 1, 244, 154, 14]
01 Jul 2015 14:10:57 triplecng.py[line:213] INFO triplecng received data : [18, 131, 1, 113, 53]
01 Jul 2015 14:10:57 triplecng.py[line:213] INFO triplecng received data : [19, 131, 1, 32, 245]
01 Jul 2015 14:10:57 triplecng.py[line:213] INFO triplecng received data : [19, 3, 2, 0, 0, 0, 71]
01 Jul 2015 14:10:57 triplecng.py[line:213] INFO triplecng received data : [19, 131, 1, 32, 245]
01 Jul 2015 14:10:57 triplecng.py[line:213] INFO triplecng received data : [19, 3, 8, 0, 40, 0, 60, 1, 244, 0, 20, 114, 169]
01 Jul 2015 14:10:57 triplecng.py[line:213] INFO triplecng received data : [19, 3, 10, 0, 140, 0, 230, 1, 194, 0, 50, 0, 70, 246, 81]
01 Jul 2015 14:10:57 triplecng.py[line:213] INFO triplecng received data : [19, 3, 12, 0, 0, 0, 3, 0, 140, 0, 230, 1, 194, 0, 0, 241, 147]
01 Jul 2015 14:10:58 triplecng.py[line:213] INFO triplecng received data : [19, 3, 14, 0, 0, 255, 206, 0, 45, 0, 130, 0, 8, 0, 30, 0, 0, 62, 208]
01 Jul 2015 14:10:58 triplecng.py[line:213] INFO triplecng received data : [19, 3, 50, 0, 0, 0, 19, 0, 1, 0, 0, 0, 45, 0, 35, 0, 5, 0, 1, 0, 0, 1, 94, 0, 1, 1, 44, 1, 44, 0, 50, 0, 1, 1, 224, 0, 30, 0, 1, 1, 44, 0, 50, 1, 244, 0, 1, 1, 44, 0, 50, 1, 244, 111, 7]
01 Jul 2015 14:10:58 triplecng.py[line:213] INFO triplecng received data : [19, 131, 1, 32, 245]
01 Jul 2015 14:10:58 triplecng.py[line:213] INFO triplecng received data : [16, 131, 1, 208, 245]
01 Jul 2015 14:10:58 triplecng.py[line:213] INFO triplecng received data : [16, 3, 2, 0, 0, 68, 71]
01 Jul 2015 14:10:58 triplecng.py[line:213] INFO triplecng received data : [16, 131, 1, 208, 245]
01 Jul 2015 14:10:58 triplecng.py[line:213] INFO triplecng received data : [16, 3, 8, 0, 40, 0, 60, 1, 244, 0, 20, 125, 237]
01 Jul 2015 14:10:58 triplecng.py[line:213] INFO triplecng received data : [16, 3, 10, 0, 120, 0, 250, 0, 230, 0, 50, 0, 70, 105, 65]
01 Jul 2015 14:10:58 triplecng.py[line:213] INFO triplecng received data : [16, 3, 12, 0, 0, 0, 3, 0, 120, 0, 250, 0, 230, 0, 0, 151, 104]
01 Jul 2015 14:10:58 triplecng.py[line:213] INFO triplecng received data : [16, 3, 14, 0, 0, 255, 206, 0, 45, 0, 130, 0, 8, 0, 30, 0, 0, 206, 32]
01 Jul 2015 14:10:59 triplecng.py[line:213] INFO triplecng received data : [16, 3, 50, 0, 0, 0, 16, 0, 1, 0, 0, 0, 55, 0, 45, 0, 5, 0, 1, 0, 0, 1, 94, 0, 1, 1, 44, 1, 44, 0, 50, 0, 1, 1, 224, 0, 30, 0, 1, 1, 44, 0, 50, 1, 244, 0, 1, 1, 44, 0, 50, 1, 244, 91, 23]
01 Jul 2015 14:10:59 triplecng.py[line:213] INFO triplecng received data : [16, 131, 1, 208, 245]
01 Jul 2015 14:10:59 triplecng.py[line:213] INFO triplecng received data : [17, 131, 1, 129, 53]
01 Jul 2015 14:10:59 triplecng.py[line:213] INFO triplecng received data : [17, 3, 2, 0, 0, 121, 135]
01 Jul 2015 14:10:59 triplecng.py[line:213] INFO triplecng received data : [17, 131, 1, 129, 53]
01 Jul 2015 14:10:59 triplecng.py[line:213] INFO triplecng received data : [17, 3, 8, 0, 40, 0, 60, 1, 244, 0, 20, 121, 17]
01 Jul 2015 14:10:59 triplecng.py[line:213] INFO triplecng received data : [17, 3, 10, 0, 120, 0, 230, 0, 250, 0, 50, 0, 70, 103, 195]
01 Jul 2015 14:10:59 triplecng.py[line:213] INFO triplecng received data : [17, 3, 12, 0, 0, 0, 3, 0, 120, 0, 230, 0, 250, 0, 0, 70, 108]
01 Jul 2015 14:10:59 triplecng.py[line:213] INFO triplecng received data : [17, 3, 14, 0, 0, 255, 186, 0, 45, 0, 130, 0, 8, 0, 30, 0, 0, 32, 65]
01 Jul 2015 14:10:59 triplecng.py[line:213] INFO triplecng received data : [17, 3, 50, 0, 0, 0, 17, 0, 1, 0, 0, 0, 55, 0, 45, 0, 5, 0, 1, 0, 0, 1, 94, 0, 1, 1, 44, 1, 44, 0, 50, 0, 1, 1, 224, 0, 30, 0, 1, 1, 44, 0, 50, 1, 244, 0, 1, 1, 44, 0, 50, 1, 244, 174, 30]
01 Jul 2015 14:11:00 triplecng.py[line:213] INFO triplecng received data : [17, 131, 1, 129, 53]
01 Jul 2015 14:11:00 triplecng.py[line:213] INFO triplecng received data : [18, 131, 1, 113, 53]
01 Jul 2015 14:11:00 triplecng.py[line:213] INFO triplecng received data : [18, 3, 2, 0, 0, 61, 135]
01 Jul 2015 14:11:00 triplecng.py[line:213] INFO triplecng received data : [18, 131, 1, 113, 53]
01 Jul 2015 14:11:00 triplecng.py[line:213] INFO triplecng received data : [18, 3, 8, 0, 40, 0, 60, 1, 244, 0, 20, 118, 85]
01 Jul 2015 14:11:00 triplecng.py[line:213] INFO triplecng received data : [18, 3, 10, 0, 140, 0, 250, 1, 194, 0, 40, 0, 70, 8, 214]
01 Jul 2015 14:11:00 triplecng.py[line:213] INFO triplecng received data : [18, 3, 12, 0, 0, 0, 3, 0, 140, 0, 250, 1, 194, 0, 0, 225, 81]
01 Jul 2015 14:11:00 triplecng.py[line:213] INFO triplecng received data : [18, 3, 14, 0, 0, 255, 206, 0, 45, 0, 130, 0, 8, 0, 30, 0, 0, 111, 64]
01 Jul 2015 14:11:00 triplecng.py[line:213] INFO triplecng received data : [18, 3, 50, 0, 0, 0, 18, 0, 1, 0, 0, 0, 45, 0, 35, 0, 5, 0, 1, 0, 0, 1, 94, 0, 1, 1, 44, 1, 44, 0, 50, 0, 1, 1, 224, 0, 30, 0, 1, 1, 44, 0, 50, 1, 244, 0, 1, 1, 44, 0, 50, 1, 244, 154, 14]
01 Jul 2015 14:11:00 triplecng.py[line:213] INFO triplecng received data : [18, 131, 1, 113, 53]
01 Jul 2015 14:11:01 triplecng.py[line:213] INFO triplecng received data : [19, 131, 1, 32, 245]
01 Jul 2015 14:11:01 triplecng.py[line:213] INFO triplecng received data : [19, 3, 2, 0, 0, 0, 71]
01 Jul 2015 14:11:01 triplecng.py[line:213] INFO triplecng received data : [19, 131, 1, 32, 245]
01 Jul 2015 14:11:01 triplecng.py[line:213] INFO triplecng received data : [19, 3, 8, 0, 40, 0, 60, 1, 244, 0, 20, 114, 169]
01 Jul 2015 14:11:01 triplecng.py[line:213] INFO triplecng received data : [19, 3, 10, 0, 140, 0, 230, 1, 194, 0, 50, 0, 70, 246, 81]
01 Jul 2015 14:11:01 triplecng.py[line:213] INFO triplecng received data : [19, 3, 12, 0, 0, 0, 3, 0, 140, 0, 230, 1, 194, 0, 0, 241, 147]
01 Jul 2015 14:11:01 triplecng.py[line:213] INFO triplecng received data : [19, 3, 14, 0, 0, 255, 206, 0, 45, 0, 130, 0, 8, 0, 30, 0, 0, 62, 208]
01 Jul 2015 14:11:01 triplecng.py[line:213] INFO triplecng received data : [19, 3, 50, 0, 0, 0, 19, 0, 1, 0, 0, 0, 45, 0, 35, 0, 5, 0, 1, 0, 0, 1, 94, 0, 1, 1, 44, 1, 44, 0, 50, 0, 1, 1, 224, 0, 30, 0, 1, 1, 44, 0, 50, 1, 244, 0, 1, 1, 44, 0, 50, 1, 244, 111, 7]
01 Jul 2015 14:11:01 triplecng.py[line:213] INFO triplecng received data : [19, 131, 1, 32, 245]
01 Jul 2015 14:11:01 triplecng.py[line:213] INFO triplecng received data : [16, 131, 1, 208, 245]
01 Jul 2015 14:11:02 triplecng.py[line:213] INFO triplecng received data : [16, 3, 2, 0, 0, 68, 71]
01 Jul 2015 14:11:02 triplecng.py[line:213] INFO triplecng received data : [16, 131, 1, 208, 245]
01 Jul 2015 14:11:02 triplecng.py[line:213] INFO triplecng received data : [16, 3, 8, 0, 40, 0, 60, 1, 244, 0, 20, 125, 237]
01 Jul 2015 14:11:02 triplecng.py[line:213] INFO triplecng received data : [16, 3, 10, 0, 120, 0, 250, 0, 230, 0, 50, 0, 70, 105, 65]
01 Jul 2015 14:11:02 triplecng.py[line:213] INFO triplecng received data : [16, 3, 12, 0, 0, 0, 3, 0, 120, 0, 250, 0, 230, 0, 0, 151, 104]
01 Jul 2015 14:11:02 triplecng.py[line:213] INFO triplecng received data : [16, 3, 14, 0, 0, 255, 206, 0, 45, 0, 130, 0, 8, 0, 30, 0, 0, 206, 32]
01 Jul 2015 14:11:02 triplecng.py[line:213] INFO triplecng received data : [16, 3, 50, 0, 0, 0, 16, 0, 1, 0, 0, 0, 55, 0, 45, 0, 5, 0, 1, 0, 0, 1, 94, 0, 1, 1, 44, 1, 44, 0, 50, 0, 1, 1, 224, 0, 30, 0, 1, 1, 44, 0, 50, 1, 244, 0, 1, 1, 44, 0, 50, 1, 244, 91, 23]
01 Jul 2015 14:11:02 triplecng.py[line:213] INFO triplecng received data : [16, 131, 1, 208, 245]
01 Jul 2015 14:11:02 triplecng.py[line:213] INFO triplecng received data : [17, 131, 1, 129, 53]
01 Jul 2015 14:11:02 triplecng.py[line:213] INFO triplecng received data : [17, 3, 2, 0, 0, 121, 135]
01 Jul 2015 14:11:03 triplecng.py[line:213] INFO triplecng received data : [17, 131, 1, 129, 53]
01 Jul 2015 14:11:03 triplecng.py[line:213] INFO triplecng received data : [17, 3, 8, 0, 40, 0, 60, 1, 244, 0, 20, 121, 17]
01 Jul 2015 14:11:03 triplecng.py[line:213] INFO triplecng received data : [17, 3, 10, 0, 120, 0, 230, 0, 250, 0, 50, 0, 70, 103, 195]
01 Jul 2015 14:11:03 triplecng.py[line:213] INFO triplecng received data : [17, 3, 12, 0, 0, 0, 3, 0, 120, 0, 230, 0, 250, 0, 0, 70, 108]
01 Jul 2015 14:11:03 triplecng.py[line:213] INFO triplecng received data : [17, 3, 14, 0, 0, 255, 186, 0, 45, 0, 130, 0, 8, 0, 30, 0, 0, 32, 65]
01 Jul 2015 14:11:03 triplecng.py[line:213] INFO triplecng received data : [17, 3, 50, 0, 0, 0, 17, 0, 1, 0, 0, 0, 55, 0, 45, 0, 5, 0, 1, 0, 0, 1, 94, 0, 1, 1, 44, 1, 44, 0, 50, 0, 1, 1, 224, 0, 30, 0, 1, 1, 44, 0, 50, 1, 244, 0, 1, 1, 44, 0, 50, 1, 244, 174, 30]
01 Jul 2015 14:11:03 triplecng.py[line:213] INFO triplecng received data : [17, 131, 1, 129, 53]
01 Jul 2015 14:11:03 triplecng.py[line:213] INFO triplecng received data : [18, 131, 1, 113, 53]
01 Jul 2015 14:11:03 triplecng.py[line:213] INFO triplecng received data : [18, 3, 2, 0, 0, 61, 135]
01 Jul 2015 14:11:03 triplecng.py[line:213] INFO triplecng received data : [18, 131, 1, 113, 53]
01 Jul 2015 14:11:04 triplecng.py[line:213] INFO triplecng received data : [18, 3, 8, 0, 40, 0, 60, 1, 244, 0, 20, 118, 85]
01 Jul 2015 14:11:04 triplecng.py[line:213] INFO triplecng received data : [18, 3, 10, 0, 140, 0, 250, 1, 194, 0, 40, 0, 70, 8, 214]
01 Jul 2015 14:11:04 triplecng.py[line:213] INFO triplecng received data : [18, 3, 12, 0, 0, 0, 3, 0, 140, 0, 250, 1, 194, 0, 0, 225, 81]
01 Jul 2015 14:11:04 triplecng.py[line:213] INFO triplecng received data : [18, 3, 14, 0, 0, 255, 206, 0, 45, 0, 130, 0, 8, 0, 30, 0, 0, 111, 64]
01 Jul 2015 14:11:04 triplecng.py[line:213] INFO triplecng received data : [18, 3, 50, 0, 0, 0, 18, 0, 1, 0, 0, 0, 45, 0, 35, 0, 5, 0, 1, 0, 0, 1, 94, 0, 1, 1, 44, 1, 44, 0, 50, 0, 1, 1, 224, 0, 30, 0, 1, 1, 44, 0, 50, 1, 244, 0, 1, 1, 44, 0, 50, 1, 244, 154, 14]
01 Jul 2015 14:11:04 triplecng.py[line:213] INFO triplecng received data : [18, 131, 1, 113, 53]
01 Jul 2015 14:11:04 triplecng.py[line:213] INFO triplecng received data : [19, 131, 1, 32, 245]
01 Jul 2015 14:11:04 triplecng.py[line:213] INFO triplecng received data : [19, 3, 2, 0, 0, 0, 71]
01 Jul 2015 14:11:04 triplecng.py[line:213] INFO triplecng received data : [19, 131, 1, 32, 245]
01 Jul 2015 14:11:04 triplecng.py[line:213] INFO triplecng received data : [19, 3, 8, 0, 40, 0, 60, 1, 244, 0, 20, 114, 169]
01 Jul 2015 14:11:05 triplecng.py[line:213] INFO triplecng received data : [19, 3, 10, 0, 140, 0, 230, 1, 194, 0, 50, 0, 70, 246, 81]
01 Jul 2015 14:11:05 triplecng.py[line:213] INFO triplecng received data : [19, 3, 12, 0, 0, 0, 3, 0, 140, 0, 230, 1, 194, 0, 0, 241, 147]
01 Jul 2015 14:11:05 triplecng.py[line:213] INFO triplecng received data : [19, 3, 14, 0, 0, 255, 206, 0, 45, 0, 130, 0, 8, 0, 30, 0, 0, 62, 208]
01 Jul 2015 14:11:05 triplecng.py[line:213] INFO triplecng received data : [19, 3, 50, 0, 0, 0, 19, 0, 1, 0, 0, 0, 45, 0, 35, 0, 5, 0, 1, 0, 0, 1, 94, 0, 1, 1, 44, 1, 44, 0, 50, 0, 1, 1, 224, 0, 30, 0, 1, 1, 44, 0, 50, 1, 244, 0, 1, 1, 44, 0, 50, 1, 244, 111, 7]
01 Jul 2015 14:11:05 triplecng.py[line:213] INFO triplecng received data : [19, 131, 1, 32, 245]
01 Jul 2015 14:11:05 triplecng.py[line:213] INFO triplecng received data : [16, 131, 1, 208, 245]
01 Jul 2015 14:11:05 triplecng.py[line:213] INFO triplecng received data : [16, 3, 2, 0, 0, 68, 71]
01 Jul 2015 14:11:05 triplecng.py[line:213] INFO triplecng received data : [16, 131, 1, 208, 245]
01 Jul 2015 14:11:05 triplecng.py[line:213] INFO triplecng received data : [16, 3, 8, 0, 40, 0, 60, 1, 244, 0, 20, 125, 237]
01 Jul 2015 14:11:05 triplecng.py[line:213] INFO triplecng received data : [16, 3, 10, 0, 120, 0, 250, 0, 230, 0, 50, 0, 70, 105, 65]
01 Jul 2015 14:11:06 triplecng.py[line:213] INFO triplecng received data : [16, 3, 12, 0, 0, 0, 3, 0, 120, 0, 250, 0, 230, 0, 0, 151, 104]
01 Jul 2015 14:11:06 triplecng.py[line:213] INFO triplecng received data : [16, 3, 14, 0, 0, 255, 206, 0, 45, 0, 130, 0, 8, 0, 30, 0, 0, 206, 32]
01 Jul 2015 14:11:06 triplecng.py[line:213] INFO triplecng received data : [16, 3, 50, 0, 0, 0, 16, 0, 1, 0, 0, 0, 55, 0, 45, 0, 5, 0, 1, 0, 0, 1, 94, 0, 1, 1, 44, 1, 44, 0, 50, 0, 1, 1, 224, 0, 30, 0, 1, 1, 44, 0, 50, 1, 244, 0, 1, 1, 44, 0, 50, 1, 244, 91, 23]
01 Jul 2015 14:11:06 triplecng.py[line:213] INFO triplecng received data : [16, 131, 1, 208, 245]
01 Jul 2015 14:11:06 triplecng.py[line:213] INFO triplecng received data : [17, 131, 1, 129, 53]
01 Jul 2015 14:11:06 triplecng.py[line:213] INFO triplecng received data : [17, 3, 2, 0, 0, 121, 135]
01 Jul 2015 14:11:06 triplecng.py[line:213] INFO triplecng received data : [17, 131, 1, 129, 53]
01 Jul 2015 14:11:06 triplecng.py[line:213] INFO triplecng received data : [17, 3, 8, 0, 40, 0, 60, 1, 244, 0, 20, 121, 17]
01 Jul 2015 14:11:06 triplecng.py[line:213] INFO triplecng received data : [17, 3, 10, 0, 120, 0, 230, 0, 250, 0, 50, 0, 70, 103, 195]
01 Jul 2015 14:11:07 triplecng.py[line:213] INFO triplecng received data : [17, 3, 12, 0, 0, 0, 3, 0, 120, 0, 230, 0, 250, 0, 0, 70, 108]
01 Jul 2015 14:11:07 triplecng.py[line:213] INFO triplecng received data : [17, 3, 14, 0, 0, 255, 186, 0, 45, 0, 130, 0, 8, 0, 30, 0, 0, 32, 65]
01 Jul 2015 14:11:07 triplecng.py[line:213] INFO triplecng received data : [17, 3, 50, 0, 0, 0, 17, 0, 1, 0, 0, 0, 55, 0, 45, 0, 5, 0, 1, 0, 0, 1, 94, 0, 1, 1, 44, 1, 44, 0, 50, 0, 1, 1, 224, 0, 30, 0, 1, 1, 44, 0, 50, 1, 244, 0, 1, 1, 44, 0, 50, 1, 244, 174, 30]
01 Jul 2015 14:11:07 triplecng.py[line:213] INFO triplecng received data : [17, 131, 1, 129, 53]
01 Jul 2015 14:11:07 triplecng.py[line:213] INFO triplecng received data : [18, 131, 1, 113, 53]
01 Jul 2015 14:11:07 triplecng.py[line:213] INFO triplecng received data : [18, 3, 2, 0, 0, 61, 135]
01 Jul 2015 14:11:07 triplecng.py[line:213] INFO triplecng received data : [18, 131, 1, 113, 53]
01 Jul 2015 14:11:07 triplecng.py[line:213] INFO triplecng received data : [18, 3, 8, 0, 40, 0, 60, 1, 244, 0, 20, 118, 85]
01 Jul 2015 14:11:07 triplecng.py[line:213] INFO triplecng received data : [18, 3, 10, 0, 140, 0, 250, 1, 194, 0, 40, 0, 70, 8, 214]
01 Jul 2015 14:11:07 triplecng.py[line:213] INFO triplecng received data : [18, 3, 12, 0, 0, 0, 3, 0, 140, 0, 250, 1, 194, 0, 0, 225, 81]
01 Jul 2015 14:11:08 triplecng.py[line:213] INFO triplecng received data : [18, 3, 14, 0, 0, 255, 206, 0, 45, 0, 130, 0, 8, 0, 30, 0, 0, 111, 64]
01 Jul 2015 14:11:08 triplecng.py[line:213] INFO triplecng received data : [18, 3, 50, 0, 0, 0, 18, 0, 1, 0, 0, 0, 45, 0, 35, 0, 5, 0, 1, 0, 0, 1, 94, 0, 1, 1, 44, 1, 44, 0, 50, 0, 1, 1, 224, 0, 30, 0, 1, 1, 44, 0, 50, 1, 244, 0, 1, 1, 44, 0, 50, 1, 244, 154, 14]
01 Jul 2015 14:11:08 triplecng.py[line:213] INFO triplecng received data : [18, 131, 1, 113, 53]
01 Jul 2015 14:11:08 triplecng.py[line:213] INFO triplecng received data : [19, 131, 1, 32, 245]
01 Jul 2015 14:11:08 triplecng.py[line:213] INFO triplecng received data : [19, 3, 2, 0, 0, 0, 71]
01 Jul 2015 14:11:08 triplecng.py[line:213] INFO triplecng received data : [19, 131, 1, 32, 245]
01 Jul 2015 14:11:08 triplecng.py[line:213] INFO triplecng received data : [19, 3, 8, 0, 40, 0, 60, 1, 244, 0, 20, 114, 169]
01 Jul 2015 14:11:08 triplecng.py[line:213] INFO triplecng received data : [19, 3, 10, 0, 140, 0, 230, 1, 194, 0, 50, 0, 70, 246, 81]
01 Jul 2015 14:11:08 triplecng.py[line:213] INFO triplecng received data : [19, 3, 12, 0, 0, 0, 3, 0, 140, 0, 230, 1, 194, 0, 0, 241, 147]
01 Jul 2015 14:11:08 triplecng.py[line:213] INFO triplecng received data : [19, 3, 14, 0, 0, 255, 206, 0, 45, 0, 130, 0, 8, 0, 30, 0, 0, 62, 208]
01 Jul 2015 14:11:09 triplecng.py[line:213] INFO triplecng received data : [19, 3, 50, 0, 0, 0, 19, 0, 1, 0, 0, 0, 45, 0, 35, 0, 5, 0, 1, 0, 0, 1, 94, 0, 1, 1, 44, 1, 44, 0, 50, 0, 1, 1, 224, 0, 30, 0, 1, 1, 44, 0, 50, 1, 244, 0, 1, 1, 44, 0, 50, 1, 244, 111, 7]
01 Jul 2015 14:11:09 triplecng.py[line:213] INFO triplecng received data : [19, 131, 1, 32, 245]
01 Jul 2015 14:11:09 triplecng.py[line:213] INFO triplecng received data : [16, 131, 1, 208, 245]
01 Jul 2015 14:11:09 triplecng.py[line:213] INFO triplecng received data : [16, 3, 2, 0, 0, 68, 71]
01 Jul 2015 14:11:09 triplecng.py[line:213] INFO triplecng received data : [16, 131, 1, 208, 245]
01 Jul 2015 14:11:09 triplecng.py[line:213] INFO triplecng received data : [16, 3, 8, 0, 40, 0, 60, 1, 244, 0, 20, 125, 237]
01 Jul 2015 14:11:09 triplecng.py[line:213] INFO triplecng received data : [16, 3, 10, 0, 120, 0, 250, 0, 230, 0, 50, 0, 70, 105, 65]
01 Jul 2015 14:11:09 triplecng.py[line:213] INFO triplecng received data : [16, 3, 12, 0, 0, 0, 3, 0, 120, 0, 250, 0, 230, 0, 0, 151, 104]
01 Jul 2015 14:11:09 triplecng.py[line:213] INFO triplecng received data : [16, 3, 14, 0, 0, 255, 206, 0, 45, 0, 130, 0, 8, 0, 30, 0, 0, 206, 32]
01 Jul 2015 14:11:09 triplecng.py[line:213] INFO triplecng received data : [16, 3, 50, 0, 0, 0, 16, 0, 1, 0, 0, 0, 55, 0, 45, 0, 5, 0, 1, 0, 0, 1, 94, 0, 1, 1, 44, 1, 44, 0, 50, 0, 1, 1, 224, 0, 30, 0, 1, 1, 44, 0, 50, 1, 244, 0, 1, 1, 44, 0, 50, 1, 244, 91, 23]
01 Jul 2015 14:11:10 triplecng.py[line:213] INFO triplecng received data : [16, 131, 1, 208, 245]
01 Jul 2015 14:11:10 triplecng.py[line:213] INFO triplecng received data : [17, 131, 1, 129, 53]
01 Jul 2015 14:11:10 triplecng.py[line:213] INFO triplecng received data : [17, 3, 2, 0, 0, 121, 135]
01 Jul 2015 14:11:10 triplecng.py[line:213] INFO triplecng received data : [17, 131, 1, 129, 53]
01 Jul 2015 14:11:10 triplecng.py[line:213] INFO triplecng received data : [17, 3, 8, 0, 40, 0, 60, 1, 244, 0, 20, 121, 17]
01 Jul 2015 14:11:10 triplecng.py[line:213] INFO triplecng received data : [17, 3, 10, 0, 120, 0, 230, 0, 250, 0, 50, 0, 70, 103, 195]
01 Jul 2015 14:11:10 triplecng.py[line:213] INFO triplecng received data : [17, 3, 12, 0, 0, 0, 3, 0, 120, 0, 230, 0, 250, 0, 0, 70, 108]
01 Jul 2015 14:11:10 triplecng.py[line:213] INFO triplecng received data : [17, 3, 14, 0, 0, 255, 186, 0, 45, 0, 130, 0, 8, 0, 30, 0, 0, 32, 65]
01 Jul 2015 14:11:10 triplecng.py[line:213] INFO triplecng received data : [17, 3, 50, 0, 0, 0, 17, 0, 1, 0, 0, 0, 55, 0, 45, 0, 5, 0, 1, 0, 0, 1, 94, 0, 1, 1, 44, 1, 44, 0, 50, 0, 1, 1, 224, 0, 30, 0, 1, 1, 44, 0, 50, 1, 244, 0, 1, 1, 44, 0, 50, 1, 244, 174, 30]
01 Jul 2015 14:11:10 triplecng.py[line:213] INFO triplecng received data : [17, 131, 1, 129, 53]
01 Jul 2015 14:11:11 triplecng.py[line:213] INFO triplecng received data : [18, 131, 1, 113, 53]
01 Jul 2015 14:11:11 triplecng.py[line:213] INFO triplecng received data : [18, 3, 2, 0, 0, 61, 135]
01 Jul 2015 14:11:11 triplecng.py[line:213] INFO triplecng received data : [18, 131, 1, 113, 53]
01 Jul 2015 14:11:11 triplecng.py[line:213] INFO triplecng received data : [18, 3, 8, 0, 40, 0, 60, 1, 244, 0, 20, 118, 85]
01 Jul 2015 14:11:11 triplecng.py[line:213] INFO triplecng received data : [18, 3, 10, 0, 140, 0, 250, 1, 194, 0, 40, 0, 70, 8, 214]
01 Jul 2015 14:11:11 triplecng.py[line:213] INFO triplecng received data : [18, 3, 12, 0, 0, 0, 3, 0, 140, 0, 250, 1, 194, 0, 0, 225, 81]
01 Jul 2015 14:11:11 triplecng.py[line:213] INFO triplecng received data : [18, 3, 14, 0, 0, 255, 206, 0, 45, 0, 130, 0, 8, 0, 30, 0, 0, 111, 64]
01 Jul 2015 14:11:11 triplecng.py[line:213] INFO triplecng received data : [18, 3, 50, 0, 0, 0, 18, 0, 1, 0, 0, 0, 45, 0, 35, 0, 5, 0, 1, 0, 0, 1, 94, 0, 1, 1, 44, 1, 44, 0, 50, 0, 1, 1, 224, 0, 30, 0, 1, 1, 44, 0, 50, 1, 244, 0, 1, 1, 44, 0, 50, 1, 244, 154, 14]
01 Jul 2015 14:11:11 triplecng.py[line:213] INFO triplecng received data : [18, 131, 1, 113, 53]
01 Jul 2015 14:11:11 triplecng.py[line:213] INFO triplecng received data : [19, 131, 1, 32, 245]
01 Jul 2015 14:11:12 triplecng.py[line:213] INFO triplecng received data : [19, 3, 2, 0, 0, 0, 71]
01 Jul 2015 14:11:12 triplecng.py[line:213] INFO triplecng received data : [19, 131, 1, 32, 245]
01 Jul 2015 14:11:12 triplecng.py[line:213] INFO triplecng received data : [19, 3, 8, 0, 40, 0, 60, 1, 244, 0, 20, 114, 169]
01 Jul 2015 14:11:12 triplecng.py[line:213] INFO triplecng received data : [19, 3, 10, 0, 140, 0, 230, 1, 194, 0, 50, 0, 70, 246, 81]
01 Jul 2015 14:11:12 triplecng.py[line:213] INFO triplecng received data : [19, 3, 12, 0, 0, 0, 3, 0, 140, 0, 230, 1, 194, 0, 0, 241, 147]
01 Jul 2015 14:11:12 triplecng.py[line:213] INFO triplecng received data : [19, 3, 14, 0, 0, 255, 206, 0, 45, 0, 130, 0, 8, 0, 30, 0, 0, 62, 208]
01 Jul 2015 14:11:12 triplecng.py[line:213] INFO triplecng received data : [19, 3, 50, 0, 0, 0, 19, 0, 1, 0, 0, 0, 45, 0, 35, 0, 5, 0, 1, 0, 0, 1, 94, 0, 1, 1, 44, 1, 44, 0, 50, 0, 1, 1, 224, 0, 30, 0, 1, 1, 44, 0, 50, 1, 244, 0, 1, 1, 44, 0, 50, 1, 244, 111, 7]
01 Jul 2015 14:11:12 triplecng.py[line:213] INFO triplecng received data : [19, 131, 1, 32, 245]
01 Jul 2015 14:11:12 triplecng.py[line:213] INFO triplecng received data : [16, 131, 1, 208, 245]
01 Jul 2015 14:11:12 triplecng.py[line:213] INFO triplecng received data : [16, 3, 2, 0, 0, 68, 71]
01 Jul 2015 14:11:13 triplecng.py[line:213] INFO triplecng received data : [16, 131, 1, 208, 245]
01 Jul 2015 14:11:13 triplecng.py[line:213] INFO triplecng received data : [16, 3, 8, 0, 40, 0, 60, 1, 244, 0, 20, 125, 237]
01 Jul 2015 14:11:13 triplecng.py[line:213] INFO triplecng received data : [16, 3, 10, 0, 120, 0, 250, 0, 230, 0, 50, 0, 70, 105, 65]
01 Jul 2015 14:11:13 triplecng.py[line:213] INFO triplecng received data : [16, 3, 12, 0, 0, 0, 3, 0, 120, 0, 250, 0, 230, 0, 0, 151, 104]
01 Jul 2015 14:11:13 triplecng.py[line:213] INFO triplecng received data : [16, 3, 14, 0, 0, 255, 206, 0, 45, 0, 130, 0, 8, 0, 30, 0, 0, 206, 32]
01 Jul 2015 14:11:13 triplecng.py[line:213] INFO triplecng received data : [16, 3, 50, 0, 0, 0, 16, 0, 1, 0, 0, 0, 55, 0, 45, 0, 5, 0, 1, 0, 0, 1, 94, 0, 1, 1, 44, 1, 44, 0, 50, 0, 1, 1, 224, 0, 30, 0, 1, 1, 44, 0, 50, 1, 244, 0, 1, 1, 44, 0, 50, 1, 244, 91, 23]
01 Jul 2015 14:11:13 triplecng.py[line:213] INFO triplecng received data : [16, 131, 1, 208, 245]
01 Jul 2015 14:11:13 triplecng.py[line:213] INFO triplecng received data : [17, 131, 1, 129, 53]
01 Jul 2015 14:11:13 triplecng.py[line:213] INFO triplecng received data : [17, 3, 2, 0, 0, 121, 135]
01 Jul 2015 14:11:13 triplecng.py[line:213] INFO triplecng received data : [17, 131, 1, 129, 53]
01 Jul 2015 14:11:14 triplecng.py[line:213] INFO triplecng received data : [17, 3, 8, 0, 40, 0, 60, 1, 244, 0, 20, 121, 17]
01 Jul 2015 14:11:14 triplecng.py[line:213] INFO triplecng received data : [17, 3, 10, 0, 120, 0, 230, 0, 250, 0, 50, 0, 70, 103, 195]
01 Jul 2015 14:11:14 triplecng.py[line:213] INFO triplecng received data : [17, 3, 12, 0, 0, 0, 3, 0, 120, 0, 230, 0, 250, 0, 0, 70, 108]
01 Jul 2015 14:11:14 triplecng.py[line:213] INFO triplecng received data : [17, 3, 14, 0, 0, 255, 186, 0, 45, 0, 130, 0, 8, 0, 30, 0, 0, 32, 65]
01 Jul 2015 14:11:14 triplecng.py[line:213] INFO triplecng received data : [17, 3, 50, 0, 0, 0, 17, 0, 1, 0, 0, 0, 55, 0, 45, 0, 5, 0, 1, 0, 0, 1, 94, 0, 1, 1, 44, 1, 44, 0, 50, 0, 1, 1, 224, 0, 30, 0, 1, 1, 44, 0, 50, 1, 244, 0, 1, 1, 44, 0, 50, 1, 244, 174, 30]
01 Jul 2015 14:11:14 triplecng.py[line:213] INFO triplecng received data : [17, 131, 1, 129, 53]
01 Jul 2015 14:11:14 triplecng.py[line:213] INFO triplecng received data : [18, 131, 1, 113, 53]
01 Jul 2015 14:11:14 triplecng.py[line:213] INFO triplecng received data : [18, 3, 2, 0, 0, 61, 135]
01 Jul 2015 14:11:14 triplecng.py[line:213] INFO triplecng received data : [18, 131, 1, 113, 53]
01 Jul 2015 14:11:14 triplecng.py[line:213] INFO triplecng received data : [18, 3, 8, 0, 40, 0, 60, 1, 244, 0, 20, 118, 85]
01 Jul 2015 14:11:15 triplecng.py[line:213] INFO triplecng received data : [18, 3, 10, 0, 140, 0, 250, 1, 194, 0, 40, 0, 70, 8, 214]
01 Jul 2015 14:11:15 triplecng.py[line:213] INFO triplecng received data : [18, 3, 12, 0, 0, 0, 3, 0, 140, 0, 250, 1, 194, 0, 0, 225, 81]
01 Jul 2015 14:11:15 triplecng.py[line:213] INFO triplecng received data : [18, 3, 14, 0, 0, 255, 206, 0, 45, 0, 130, 0, 8, 0, 30, 0, 0, 111, 64]
01 Jul 2015 14:11:15 triplecng.py[line:213] INFO triplecng received data : [18, 3, 50, 0, 0, 0, 18, 0, 1, 0, 0, 0, 45, 0, 35, 0, 5, 0, 1, 0, 0, 1, 94, 0, 1, 1, 44, 1, 44, 0, 50, 0, 1, 1, 224, 0, 30, 0, 1, 1, 44, 0, 50, 1, 244, 0, 1, 1, 44, 0, 50, 1, 244, 154, 14]
01 Jul 2015 14:11:15 triplecng.py[line:213] INFO triplecng received data : [18, 131, 1, 113, 53]
01 Jul 2015 14:11:15 triplecng.py[line:213] INFO triplecng received data : [19, 131, 1, 32, 245]
01 Jul 2015 14:11:15 triplecng.py[line:213] INFO triplecng received data : [19, 3, 2, 0, 0, 0, 71]
01 Jul 2015 14:11:15 triplecng.py[line:213] INFO triplecng received data : [19, 131, 1, 32, 245]
01 Jul 2015 14:11:15 triplecng.py[line:213] INFO triplecng received data : [19, 3, 8, 0, 40, 0, 60, 1, 244, 0, 20, 114, 169]
01 Jul 2015 14:11:15 triplecng.py[line:213] INFO triplecng received data : [19, 3, 10, 0, 140, 0, 230, 1, 194, 0, 50, 0, 70, 246, 81]
01 Jul 2015 14:11:16 triplecng.py[line:213] INFO triplecng received data : [19, 3, 12, 0, 0, 0, 3, 0, 140, 0, 230, 1, 194, 0, 0, 241, 147]
01 Jul 2015 14:11:16 triplecng.py[line:213] INFO triplecng received data : [19, 3, 14, 0, 0, 255, 206, 0, 45, 0, 130, 0, 8, 0, 30, 0, 0, 62, 208]
01 Jul 2015 14:11:16 triplecng.py[line:213] INFO triplecng received data : [19, 3, 50, 0, 0, 0, 19, 0, 1, 0, 0, 0, 45, 0, 35, 0, 5, 0, 1, 0, 0, 1, 94, 0, 1, 1, 44, 1, 44, 0, 50, 0, 1, 1, 224, 0, 30, 0, 1, 1, 44, 0, 50, 1, 244, 0, 1, 1, 44, 0, 50, 1, 244, 111, 7]
01 Jul 2015 14:11:16 triplecng.py[line:213] INFO triplecng received data : [19, 131, 1, 32, 245]
01 Jul 2015 14:11:16 triplecng.py[line:213] INFO triplecng received data : [16, 131, 1, 208, 245]
01 Jul 2015 14:11:16 triplecng.py[line:213] INFO triplecng received data : [16, 3, 2, 0, 0, 68, 71]
01 Jul 2015 14:11:16 triplecng.py[line:213] INFO triplecng received data : [16, 131, 1, 208, 245]
01 Jul 2015 14:11:16 triplecng.py[line:213] INFO triplecng received data : [16, 3, 8, 0, 40, 0, 60, 1, 244, 0, 20, 125, 237]
01 Jul 2015 14:11:16 triplecng.py[line:213] INFO triplecng received data : [16, 3, 10, 0, 120, 0, 250, 0, 230, 0, 50, 0, 70, 105, 65]
01 Jul 2015 14:11:16 triplecng.py[line:213] INFO triplecng received data : [16, 3, 12, 0, 0, 0, 3, 0, 120, 0, 250, 0, 230, 0, 0, 151, 104]
01 Jul 2015 14:11:17 triplecng.py[line:213] INFO triplecng received data : [16, 3, 14, 0, 0, 255, 206, 0, 45, 0, 130, 0, 8, 0, 30, 0, 0, 206, 32]
01 Jul 2015 14:11:17 triplecng.py[line:213] INFO triplecng received data : [16, 3, 50, 0, 0, 0, 16, 0, 1, 0, 0, 0, 55, 0, 45, 0, 5, 0, 1, 0, 0, 1, 94, 0, 1, 1, 44, 1, 44, 0, 50, 0, 1, 1, 224, 0, 30, 0, 1, 1, 44, 0, 50, 1, 244, 0, 1, 1, 44, 0, 50, 1, 244, 91, 23]
01 Jul 2015 14:11:17 triplecng.py[line:213] INFO triplecng received data : [16, 131, 1, 208, 245]
01 Jul 2015 14:11:17 triplecng.py[line:213] INFO triplecng received data : [17, 131, 1, 129, 53]
01 Jul 2015 14:11:17 triplecng.py[line:213] INFO triplecng received data : [17, 3, 2, 0, 0, 121, 135]
01 Jul 2015 14:11:17 triplecng.py[line:213] INFO triplecng received data : [17, 131, 1, 129, 53]
01 Jul 2015 14:11:17 triplecng.py[line:213] INFO triplecng received data : [17, 3, 8, 0, 40, 0, 60, 1, 244, 0, 20, 121, 17]
01 Jul 2015 14:11:17 triplecng.py[line:213] INFO triplecng received data : [17, 3, 10, 0, 120, 0, 230, 0, 250, 0, 50, 0, 70, 103, 195]
01 Jul 2015 14:11:17 triplecng.py[line:213] INFO triplecng received data : [17, 3, 12, 0, 0, 0, 3, 0, 120, 0, 230, 0, 250, 0, 0, 70, 108]
01 Jul 2015 14:11:17 triplecng.py[line:213] INFO triplecng received data : [17, 3, 14, 0, 0, 255, 186, 0, 45, 0, 130, 0, 8, 0, 30, 0, 0, 32, 65]
01 Jul 2015 14:11:18 triplecng.py[line:213] INFO triplecng received data : [17, 3, 50, 0, 0, 0, 17, 0, 1, 0, 0, 0, 55, 0, 45, 0, 5, 0, 1, 0, 0, 1, 94, 0, 1, 1, 44, 1, 44, 0, 50, 0, 1, 1, 224, 0, 30, 0, 1, 1, 44, 0, 50, 1, 244, 0, 1, 1, 44, 0, 50, 1, 244, 174, 30]
01 Jul 2015 14:11:18 triplecng.py[line:213] INFO triplecng received data : [17, 131, 1, 129, 53]
01 Jul 2015 14:11:18 triplecng.py[line:213] INFO triplecng received data : [18, 131, 1, 113, 53]
01 Jul 2015 14:11:18 triplecng.py[line:213] INFO triplecng received data : [18, 3, 2, 0, 0, 61, 135]
01 Jul 2015 14:11:18 triplecng.py[line:213] INFO triplecng received data : [18, 131, 1, 113, 53]
01 Jul 2015 14:11:18 triplecng.py[line:213] INFO triplecng received data : [18, 3, 8, 0, 40, 0, 60, 1, 244, 0, 20, 118, 85]
01 Jul 2015 14:11:18 triplecng.py[line:213] INFO triplecng received data : [18, 3, 10, 0, 140, 0, 250, 1, 194, 0, 40, 0, 70, 8, 214]
01 Jul 2015 14:11:18 triplecng.py[line:213] INFO triplecng received data : [18, 3, 12, 0, 0, 0, 3, 0, 140, 0, 250, 1, 194, 0, 0, 225, 81]
01 Jul 2015 14:11:18 triplecng.py[line:213] INFO triplecng received data : [18, 3, 14, 0, 0, 255, 206, 0, 45, 0, 130, 0, 8, 0, 30, 0, 0, 111, 64]
01 Jul 2015 14:11:18 triplecng.py[line:213] INFO triplecng received data : [18, 3, 50, 0, 0, 0, 18, 0, 1, 0, 0, 0, 45, 0, 35, 0, 5, 0, 1, 0, 0, 1, 94, 0, 1, 1, 44, 1, 44, 0, 50, 0, 1, 1, 224, 0, 30, 0, 1, 1, 44, 0, 50, 1, 244, 0, 1, 1, 44, 0, 50, 1, 244, 154, 14]
01 Jul 2015 14:11:19 triplecng.py[line:213] INFO triplecng received data : [18, 131, 1, 113, 53]
01 Jul 2015 14:11:19 triplecng.py[line:213] INFO triplecng received data : [19, 131, 1, 32, 245]
01 Jul 2015 14:11:19 triplecng.py[line:213] INFO triplecng received data : [19, 3, 2, 0, 0, 0, 71]
01 Jul 2015 14:11:19 triplecng.py[line:213] INFO triplecng received data : [19, 131, 1, 32, 245]
01 Jul 2015 14:11:19 triplecng.py[line:213] INFO triplecng received data : [19, 3, 8, 0, 40, 0, 60, 1, 244, 0, 20, 114, 169]
01 Jul 2015 14:11:19 triplecng.py[line:213] INFO triplecng received data : [19, 3, 10, 0, 140, 0, 230, 1, 194, 0, 50, 0, 70, 246, 81]
01 Jul 2015 14:11:19 triplecng.py[line:213] INFO triplecng received data : [19, 3, 12, 0, 0, 0, 3, 0, 140, 0, 230, 1, 194, 0, 0, 241, 147]
01 Jul 2015 14:11:19 triplecng.py[line:213] INFO triplecng received data : [19, 3, 14, 0, 0, 255, 206, 0, 45, 0, 130, 0, 8, 0, 30, 0, 0, 62, 208]
01 Jul 2015 14:11:19 triplecng.py[line:213] INFO triplecng received data : [19, 3, 50, 0, 0, 0, 19, 0, 1, 0, 0, 0, 45, 0, 35, 0, 5, 0, 1, 0, 0, 1, 94, 0, 1, 1, 44, 1, 44, 0, 50, 0, 1, 1, 224, 0, 30, 0, 1, 1, 44, 0, 50, 1, 244, 0, 1, 1, 44, 0, 50, 1, 244, 111, 7]
01 Jul 2015 14:11:19 triplecng.py[line:213] INFO triplecng received data : [19, 131, 1, 32, 245]
01 Jul 2015 14:11:20 triplecng.py[line:213] INFO triplecng received data : [16, 131, 1, 208, 245]
01 Jul 2015 14:11:20 triplecng.py[line:213] INFO triplecng received data : [16, 3, 2, 0, 0, 68, 71]
01 Jul 2015 14:11:20 triplecng.py[line:213] INFO triplecng received data : [16, 131, 1, 208, 245]
01 Jul 2015 14:11:20 triplecng.py[line:213] INFO triplecng received data : [16, 3, 8, 0, 40, 0, 60, 1, 244, 0, 20, 125, 237]
01 Jul 2015 14:11:20 triplecng.py[line:213] INFO triplecng received data : [16, 3, 10, 0, 120, 0, 250, 0, 230, 0, 50, 0, 70, 105, 65]
01 Jul 2015 14:11:20 triplecng.py[line:213] INFO triplecng received data : [16, 3, 12, 0, 0, 0, 3, 0, 120, 0, 250, 0, 230, 0, 0, 151, 104]
01 Jul 2015 14:11:20 triplecng.py[line:213] INFO triplecng received data : [16, 3, 14, 0, 0, 255, 206, 0, 45, 0, 130, 0, 8, 0, 30, 0, 0, 206, 32]
01 Jul 2015 14:11:20 triplecng.py[line:213] INFO triplecng received data : [16, 3, 50, 0, 0, 0, 16, 0, 1, 0, 0, 0, 55, 0, 45, 0, 5, 0, 1, 0, 0, 1, 94, 0, 1, 1, 44, 1, 44, 0, 50, 0, 1, 1, 224, 0, 30, 0, 1, 1, 44, 0, 50, 1, 244, 0, 1, 1, 44, 0, 50, 1, 244, 91, 23]
01 Jul 2015 14:11:20 triplecng.py[line:213] INFO triplecng received data : [16, 131, 1, 208, 245]
01 Jul 2015 14:11:21 triplecng.py[line:213] INFO triplecng received data : [17, 131, 1, 129, 53]
01 Jul 2015 14:11:21 triplecng.py[line:213] INFO triplecng received data : [17, 3, 2, 0, 0, 121, 135]
01 Jul 2015 14:11:21 triplecng.py[line:213] INFO triplecng received data : [17, 131, 1, 129, 53]
01 Jul 2015 14:11:21 triplecng.py[line:213] INFO triplecng received data : [17, 3, 8, 0, 40, 0, 60, 1, 244, 0, 20, 121, 17]
01 Jul 2015 14:11:21 triplecng.py[line:213] INFO triplecng received data : [17, 3, 10, 0, 120, 0, 230, 0, 250, 0, 50, 0, 70, 103, 195]
01 Jul 2015 14:11:21 triplecng.py[line:213] INFO triplecng received data : [17, 3, 12, 0, 0, 0, 3, 0, 120, 0, 230, 0, 250, 0, 0, 70, 108]
01 Jul 2015 14:11:21 triplecng.py[line:213] INFO triplecng received data : [17, 3, 14, 0, 0, 255, 186, 0, 45, 0, 130, 0, 8, 0, 30, 0, 0, 32, 65]
01 Jul 2015 14:11:21 triplecng.py[line:213] INFO triplecng received data : [17, 3, 50, 0, 0, 0, 17, 0, 1, 0, 0, 0, 55, 0, 45, 0, 5, 0, 1, 0, 0, 1, 94, 0, 1, 1, 44, 1, 44, 0, 50, 0, 1, 1, 224, 0, 30, 0, 1, 1, 44, 0, 50, 1, 244, 0, 1, 1, 44, 0, 50, 1, 244, 174, 30]
01 Jul 2015 14:11:21 triplecng.py[line:213] INFO triplecng received data : [17, 131, 1, 129, 53]
01 Jul 2015 14:11:21 triplecng.py[line:213] INFO triplecng received data : [18, 131, 1, 113, 53]
01 Jul 2015 14:11:22 triplecng.py[line:213] INFO triplecng received data : [18, 3, 2, 0, 0, 61, 135]
01 Jul 2015 14:11:22 triplecng.py[line:213] INFO triplecng received data : [18, 131, 1, 113, 53]
01 Jul 2015 14:11:22 triplecng.py[line:213] INFO triplecng received data : [18, 3, 8, 0, 40, 0, 60, 1, 244, 0, 20, 118, 85]
01 Jul 2015 14:11:22 triplecng.py[line:213] INFO triplecng received data : [18, 3, 10, 0, 140, 0, 250, 1, 194, 0, 40, 0, 70, 8, 214]
01 Jul 2015 14:11:22 triplecng.py[line:213] INFO triplecng received data : [18, 3, 12, 0, 0, 0, 3, 0, 140, 0, 250, 1, 194, 0, 0, 225, 81]
01 Jul 2015 14:11:22 triplecng.py[line:213] INFO triplecng received data : [18, 3, 14, 0, 0, 255, 206, 0, 45, 0, 130, 0, 8, 0, 30, 0, 0, 111, 64]
01 Jul 2015 14:11:22 triplecng.py[line:213] INFO triplecng received data : [18, 3, 50, 0, 0, 0, 18, 0, 1, 0, 0, 0, 45, 0, 35, 0, 5, 0, 1, 0, 0, 1, 94, 0, 1, 1, 44, 1, 44, 0, 50, 0, 1, 1, 224, 0, 30, 0, 1, 1, 44, 0, 50, 1, 244, 0, 1, 1, 44, 0, 50, 1, 244, 154, 14]
01 Jul 2015 14:11:22 triplecng.py[line:213] INFO triplecng received data : [18, 131, 1, 113, 53]
01 Jul 2015 14:11:22 triplecng.py[line:213] INFO triplecng received data : [19, 131, 1, 32, 245]
01 Jul 2015 14:11:22 triplecng.py[line:213] INFO triplecng received data : [19, 3, 2, 0, 0, 0, 71]
01 Jul 2015 14:11:23 triplecng.py[line:213] INFO triplecng received data : [19, 131, 1, 32, 245]
01 Jul 2015 14:11:23 triplecng.py[line:213] INFO triplecng received data : [19, 3, 8, 0, 40, 0, 60, 1, 244, 0, 20, 114, 169]
01 Jul 2015 14:11:23 triplecng.py[line:213] INFO triplecng received data : [19, 3, 10, 0, 140, 0, 230, 1, 194, 0, 50, 0, 70, 246, 81]
01 Jul 2015 14:11:23 triplecng.py[line:213] INFO triplecng received data : [19, 3, 12, 0, 0, 0, 3, 0, 140, 0, 230, 1, 194, 0, 0, 241, 147]
01 Jul 2015 14:11:23 triplecng.py[line:213] INFO triplecng received data : [19, 3, 14, 0, 0, 255, 206, 0, 45, 0, 130, 0, 8, 0, 30, 0, 0, 62, 208]
01 Jul 2015 14:11:23 triplecng.py[line:213] INFO triplecng received data : [19, 3, 50, 0, 0, 0, 19, 0, 1, 0, 0, 0, 45, 0, 35, 0, 5, 0, 1, 0, 0, 1, 94, 0, 1, 1, 44, 1, 44, 0, 50, 0, 1, 1, 224, 0, 30, 0, 1, 1, 44, 0, 50, 1, 244, 0, 1, 1, 44, 0, 50, 1, 244, 111, 7]
01 Jul 2015 14:11:23 triplecng.py[line:213] INFO triplecng received data : [19, 131, 1, 32, 245]
01 Jul 2015 14:11:23 triplecng.py[line:213] INFO triplecng received data : [16, 131, 1, 208, 245]
01 Jul 2015 14:11:23 triplecng.py[line:213] INFO triplecng received data : [16, 3, 2, 0, 0, 68, 71]
01 Jul 2015 14:11:23 triplecng.py[line:213] INFO triplecng received data : [16, 131, 1, 208, 245]
01 Jul 2015 14:11:24 triplecng.py[line:213] INFO triplecng received data : [16, 3, 8, 0, 40, 0, 60, 1, 244, 0, 20, 125, 237]
01 Jul 2015 14:11:24 triplecng.py[line:213] INFO triplecng received data : [16, 3, 10, 0, 120, 0, 250, 0, 230, 0, 50, 0, 70, 105, 65]
01 Jul 2015 14:11:24 triplecng.py[line:213] INFO triplecng received data : [16, 3, 12, 0, 0, 0, 3, 0, 120, 0, 250, 0, 230, 0, 0, 151, 104]
01 Jul 2015 14:11:24 triplecng.py[line:213] INFO triplecng received data : [16, 3, 14, 0, 0, 255, 206, 0, 45, 0, 130, 0, 8, 0, 30, 0, 0, 206, 32]
01 Jul 2015 14:11:24 triplecng.py[line:213] INFO triplecng received data : [16, 3, 50, 0, 0, 0, 16, 0, 1, 0, 0, 0, 55, 0, 45, 0, 5, 0, 1, 0, 0, 1, 94, 0, 1, 1, 44, 1, 44, 0, 50, 0, 1, 1, 224, 0, 30, 0, 1, 1, 44, 0, 50, 1, 244, 0, 1, 1, 44, 0, 50, 1, 244, 91, 23]
01 Jul 2015 14:11:24 triplecng.py[line:213] INFO triplecng received data : [16, 131, 1, 208, 245]
01 Jul 2015 14:11:24 triplecng.py[line:213] INFO triplecng received data : [17, 131, 1, 129, 53]
01 Jul 2015 14:11:24 triplecng.py[line:213] INFO triplecng received data : [17, 3, 2, 0, 0, 121, 135]
01 Jul 2015 14:11:24 triplecng.py[line:213] INFO triplecng received data : [17, 131, 1, 129, 53]
01 Jul 2015 14:11:24 triplecng.py[line:213] INFO triplecng received data : [17, 3, 8, 0, 40, 0, 60, 1, 244, 0, 20, 121, 17]
01 Jul 2015 14:11:25 triplecng.py[line:213] INFO triplecng received data : [17, 3, 10, 0, 120, 0, 230, 0, 250, 0, 50, 0, 70, 103, 195]
01 Jul 2015 14:11:25 triplecng.py[line:213] INFO triplecng received data : [17, 3, 12, 0, 0, 0, 3, 0, 120, 0, 230, 0, 250, 0, 0, 70, 108]
01 Jul 2015 14:11:25 triplecng.py[line:213] INFO triplecng received data : [17, 3, 14, 0, 0, 255, 186, 0, 45, 0, 130, 0, 8, 0, 30, 0, 0, 32, 65]
01 Jul 2015 14:11:25 triplecng.py[line:213] INFO triplecng received data : [17, 3, 50, 0, 0, 0, 17, 0, 1, 0, 0, 0, 55, 0, 45, 0, 5, 0, 1, 0, 0, 1, 94, 0, 1, 1, 44, 1, 44, 0, 50, 0, 1, 1, 224, 0, 30, 0, 1, 1, 44, 0, 50, 1, 244, 0, 1, 1, 44, 0, 50, 1, 244, 174, 30]
01 Jul 2015 14:11:25 triplecng.py[line:213] INFO triplecng received data : [17, 131, 1, 129, 53]
01 Jul 2015 14:11:25 triplecng.py[line:213] INFO triplecng received data : [18, 131, 1, 113, 53]
01 Jul 2015 14:11:25 triplecng.py[line:213] INFO triplecng received data : [18, 3, 2, 0, 0, 61, 135]
01 Jul 2015 14:11:25 triplecng.py[line:213] INFO triplecng received data : [18, 131, 1, 113, 53]
01 Jul 2015 14:11:25 triplecng.py[line:213] INFO triplecng received data : [18, 3, 8, 0, 40, 0, 60, 1, 244, 0, 20, 118, 85]
01 Jul 2015 14:11:25 triplecng.py[line:213] INFO triplecng received data : [18, 3, 10, 0, 140, 0, 250, 1, 194, 0, 40, 0, 70, 8, 214]
01 Jul 2015 14:11:26 triplecng.py[line:213] INFO triplecng received data : [18, 3, 12, 0, 0, 0, 3, 0, 140, 0, 250, 1, 194, 0, 0, 225, 81]
01 Jul 2015 14:11:26 triplecng.py[line:213] INFO triplecng received data : [18, 3, 14, 0, 0, 255, 206, 0, 45, 0, 130, 0, 8, 0, 30, 0, 0, 111, 64]
01 Jul 2015 14:11:26 triplecng.py[line:213] INFO triplecng received data : [18, 3, 50, 0, 0, 0, 18, 0, 1, 0, 0, 0, 45, 0, 35, 0, 5, 0, 1, 0, 0, 1, 94, 0, 1, 1, 44, 1, 44, 0, 50, 0, 1, 1, 224, 0, 30, 0, 1, 1, 44, 0, 50, 1, 244, 0, 1, 1, 44, 0, 50, 1, 244, 154, 14]
01 Jul 2015 14:11:26 triplecng.py[line:213] INFO triplecng received data : [18, 131, 1, 113, 53]
01 Jul 2015 14:11:26 triplecng.py[line:213] INFO triplecng received data : [19, 131, 1, 32, 245]
01 Jul 2015 14:11:26 triplecng.py[line:213] INFO triplecng received data : [19, 3, 2, 0, 0, 0, 71]
01 Jul 2015 14:11:26 triplecng.py[line:213] INFO triplecng received data : [19, 131, 1, 32, 245]
01 Jul 2015 14:11:26 triplecng.py[line:213] INFO triplecng received data : [19, 3, 8, 0, 40, 0, 60, 1, 244, 0, 20, 114, 169]
01 Jul 2015 14:11:26 triplecng.py[line:213] INFO triplecng received data : [19, 3, 10, 0, 140, 0, 230, 1, 194, 0, 50, 0, 70, 246, 81]
01 Jul 2015 14:11:26 triplecng.py[line:213] INFO triplecng received data : [19, 3, 12, 0, 0, 0, 3, 0, 140, 0, 230, 1, 194, 0, 0, 241, 147]
01 Jul 2015 14:11:27 triplecng.py[line:213] INFO triplecng received data : [19, 3, 14, 0, 0, 255, 206, 0, 45, 0, 130, 0, 8, 0, 30, 0, 0, 62, 208]
01 Jul 2015 14:11:27 triplecng.py[line:213] INFO triplecng received data : [19, 3, 50, 0, 0, 0, 19, 0, 1, 0, 0, 0, 45, 0, 35, 0, 5, 0, 1, 0, 0, 1, 94, 0, 1, 1, 44, 1, 44, 0, 50, 0, 1, 1, 224, 0, 30, 0, 1, 1, 44, 0, 50, 1, 244, 0, 1, 1, 44, 0, 50, 1, 244, 111, 7]
01 Jul 2015 14:11:27 triplecng.py[line:213] INFO triplecng received data : [19, 131, 1, 32, 245]
01 Jul 2015 14:11:27 triplecng.py[line:213] INFO triplecng received data : [16, 131, 1, 208, 245]
01 Jul 2015 14:11:27 triplecng.py[line:213] INFO triplecng received data : [16, 3, 2, 0, 0, 68, 71]
01 Jul 2015 14:11:27 triplecng.py[line:213] INFO triplecng received data : [16, 131, 1, 208, 245]
01 Jul 2015 14:11:27 triplecng.py[line:213] INFO triplecng received data : [16, 3, 8, 0, 40, 0, 60, 1, 244, 0, 20, 125, 237]
01 Jul 2015 14:11:27 triplecng.py[line:213] INFO triplecng received data : [16, 3, 10, 0, 120, 0, 250, 0, 230, 0, 50, 0, 70, 105, 65]
01 Jul 2015 14:11:27 triplecng.py[line:213] INFO triplecng received data : [16, 3, 12, 0, 0, 0, 3, 0, 120, 0, 250, 0, 230, 0, 0, 151, 104]
01 Jul 2015 14:11:27 triplecng.py[line:213] INFO triplecng received data : [16, 3, 14, 0, 0, 255, 206, 0, 45, 0, 130, 0, 8, 0, 30, 0, 0, 206, 32]
01 Jul 2015 14:11:28 triplecng.py[line:213] INFO triplecng received data : [16, 3, 50, 0, 0, 0, 16, 0, 1, 0, 0, 0, 55, 0, 45, 0, 5, 0, 1, 0, 0, 1, 94, 0, 1, 1, 44, 1, 44, 0, 50, 0, 1, 1, 224, 0, 30, 0, 1, 1, 44, 0, 50, 1, 244, 0, 1, 1, 44, 0, 50, 1, 244, 91, 23]
01 Jul 2015 14:11:28 triplecng.py[line:213] INFO triplecng received data : [16, 131, 1, 208, 245]
01 Jul 2015 14:11:28 triplecng.py[line:213] INFO triplecng received data : [17, 131, 1, 129, 53]
01 Jul 2015 14:11:28 triplecng.py[line:213] INFO triplecng received data : [17, 3, 2, 0, 0, 121, 135]
01 Jul 2015 14:11:28 triplecng.py[line:213] INFO triplecng received data : [17, 131, 1, 129, 53]
01 Jul 2015 14:11:28 triplecng.py[line:213] INFO triplecng received data : [17, 3, 8, 0, 40, 0, 60, 1, 244, 0, 20, 121, 17]
01 Jul 2015 14:11:28 triplecng.py[line:213] INFO triplecng received data : [17, 3, 10, 0, 120, 0, 230, 0, 250, 0, 50, 0, 70, 103, 195]
01 Jul 2015 14:11:28 triplecng.py[line:213] INFO triplecng received data : [17, 3, 12, 0, 0, 0, 3, 0, 120, 0, 230, 0, 250, 0, 0, 70, 108]
01 Jul 2015 14:11:28 triplecng.py[line:213] INFO triplecng received data : [17, 3, 14, 0, 0, 255, 186, 0, 45, 0, 130, 0, 8, 0, 30, 0, 0, 32, 65]
01 Jul 2015 14:11:28 triplecng.py[line:213] INFO triplecng received data : [17, 3, 50, 0, 0, 0, 17, 0, 1, 0, 0, 0, 55, 0, 45, 0, 5, 0, 1, 0, 0, 1, 94, 0, 1, 1, 44, 1, 44, 0, 50, 0, 1, 1, 224, 0, 30, 0, 1, 1, 44, 0, 50, 1, 244, 0, 1, 1, 44, 0, 50, 1, 244, 174, 30]
01 Jul 2015 14:11:29 triplecng.py[line:213] INFO triplecng received data : [17, 131, 1, 129, 53]
01 Jul 2015 14:11:29 triplecng.py[line:213] INFO triplecng received data : [18, 131, 1, 113, 53]
01 Jul 2015 14:11:29 triplecng.py[line:213] INFO triplecng received data : [18, 3, 2, 0, 0, 61, 135]
01 Jul 2015 14:11:29 triplecng.py[line:213] INFO triplecng received data : [18, 131, 1, 113, 53]
01 Jul 2015 14:11:29 triplecng.py[line:213] INFO triplecng received data : [18, 3, 8, 0, 40, 0, 60, 1, 244, 0, 20, 118, 85]
01 Jul 2015 14:11:29 triplecng.py[line:213] INFO triplecng received data : [18, 3, 10, 0, 140, 0, 250, 1, 194, 0, 40, 0, 70, 8, 214]
01 Jul 2015 14:11:29 triplecng.py[line:213] INFO triplecng received data : [18, 3, 12, 0, 0, 0, 3, 0, 140, 0, 250, 1, 194, 0, 0, 225, 81]
01 Jul 2015 14:11:29 triplecng.py[line:213] INFO triplecng received data : [18, 3, 14, 0, 0, 255, 206, 0, 45, 0, 130, 0, 8, 0, 30, 0, 0, 111, 64]
01 Jul 2015 14:11:29 triplecng.py[line:213] INFO triplecng received data : [18, 3, 50, 0, 0, 0, 18, 0, 1, 0, 0, 0, 45, 0, 35, 0, 5, 0, 1, 0, 0, 1, 94, 0, 1, 1, 44, 1, 44, 0, 50, 0, 1, 1, 224, 0, 30, 0, 1, 1, 44, 0, 50, 1, 244, 0, 1, 1, 44, 0, 50, 1, 244, 154, 14]
01 Jul 2015 14:11:29 triplecng.py[line:213] INFO triplecng received data : [18, 131, 1, 113, 53]
01 Jul 2015 14:11:30 triplecng.py[line:213] INFO triplecng received data : [19, 131, 1, 32, 245]
01 Jul 2015 14:11:30 triplecng.py[line:213] INFO triplecng received data : [19, 3, 2, 0, 0, 0, 71]
01 Jul 2015 14:11:30 triplecng.py[line:213] INFO triplecng received data : [19, 131, 1, 32, 245]
01 Jul 2015 14:11:30 triplecng.py[line:213] INFO triplecng received data : [19, 3, 8, 0, 40, 0, 60, 1, 244, 0, 20, 114, 169]
01 Jul 2015 14:11:30 triplecng.py[line:213] INFO triplecng received data : [19, 3, 10, 0, 140, 0, 230, 1, 194, 0, 50, 0, 70, 246, 81]
01 Jul 2015 14:11:30 triplecng.py[line:213] INFO triplecng received data : [19, 3, 12, 0, 0, 0, 3, 0, 140, 0, 230, 1, 194, 0, 0, 241, 147]
01 Jul 2015 14:11:30 triplecng.py[line:213] INFO triplecng received data : [19, 3, 14, 0, 0, 255, 206, 0, 45, 0, 130, 0, 8, 0, 30, 0, 0, 62, 208]
01 Jul 2015 14:11:30 triplecng.py[line:213] INFO triplecng received data : [19, 3, 50, 0, 0, 0, 19, 0, 1, 0, 0, 0, 45, 0, 35, 0, 5, 0, 1, 0, 0, 1, 94, 0, 1, 1, 44, 1, 44, 0, 50, 0, 1, 1, 224, 0, 30, 0, 1, 1, 44, 0, 50, 1, 244, 0, 1, 1, 44, 0, 50, 1, 244, 111, 7]
01 Jul 2015 14:11:30 triplecng.py[line:213] INFO triplecng received data : [19, 131, 1, 32, 245]
01 Jul 2015 14:11:30 triplecng.py[line:213] INFO triplecng received data : [16, 131, 1, 208, 245]
01 Jul 2015 14:11:31 triplecng.py[line:213] INFO triplecng received data : [16, 3, 2, 0, 0, 68, 71]
01 Jul 2015 14:11:31 triplecng.py[line:213] INFO triplecng received data : [16, 131, 1, 208, 245]
01 Jul 2015 14:11:31 triplecng.py[line:213] INFO triplecng received data : [16, 3, 8, 0, 40, 0, 60, 1, 244, 0, 20, 125, 237]
01 Jul 2015 14:11:31 triplecng.py[line:213] INFO triplecng received data : [16, 3, 10, 0, 120, 0, 250, 0, 230, 0, 50, 0, 70, 105, 65]
01 Jul 2015 14:11:31 triplecng.py[line:213] INFO triplecng received data : [16, 3, 12, 0, 0, 0, 3, 0, 120, 0, 250, 0, 230, 0, 0, 151, 104]
01 Jul 2015 14:11:31 triplecng.py[line:213] INFO triplecng received data : [16, 3, 14, 0, 0, 255, 206, 0, 45, 0, 130, 0, 8, 0, 30, 0, 0, 206, 32]
01 Jul 2015 14:11:31 triplecng.py[line:213] INFO triplecng received data : [16, 3, 50, 0, 0, 0, 16, 0, 1, 0, 0, 0, 55, 0, 45, 0, 5, 0, 1, 0, 0, 1, 94, 0, 1, 1, 44, 1, 44, 0, 50, 0, 1, 1, 224, 0, 30, 0, 1, 1, 44, 0, 50, 1, 244, 0, 1, 1, 44, 0, 50, 1, 244, 91, 23]
01 Jul 2015 14:11:31 triplecng.py[line:213] INFO triplecng received data : [16, 131, 1, 208, 245]
01 Jul 2015 14:11:31 triplecng.py[line:213] INFO triplecng received data : [17, 131, 1, 129, 53]
01 Jul 2015 14:11:31 triplecng.py[line:213] INFO triplecng received data : [17, 3, 2, 0, 0, 121, 135]
01 Jul 2015 14:11:32 triplecng.py[line:213] INFO triplecng received data : [17, 131, 1, 129, 53]
01 Jul 2015 14:11:32 triplecng.py[line:213] INFO triplecng received data : [17, 3, 8, 0, 40, 0, 60, 1, 244, 0, 20, 121, 17]
01 Jul 2015 14:11:32 triplecng.py[line:213] INFO triplecng received data : [17, 3, 10, 0, 120, 0, 230, 0, 250, 0, 50, 0, 70, 103, 195]
01 Jul 2015 14:11:32 triplecng.py[line:213] INFO triplecng received data : [17, 3, 12, 0, 0, 0, 3, 0, 120, 0, 230, 0, 250, 0, 0, 70, 108]
01 Jul 2015 14:11:32 triplecng.py[line:213] INFO triplecng received data : [17, 3, 14, 0, 0, 255, 186, 0, 45, 0, 130, 0, 8, 0, 30, 0, 0, 32, 65]
01 Jul 2015 14:11:32 triplecng.py[line:213] INFO triplecng received data : [17, 3, 50, 0, 0, 0, 17, 0, 1, 0, 0, 0, 55, 0, 45, 0, 5, 0, 1, 0, 0, 1, 94, 0, 1, 1, 44, 1, 44, 0, 50, 0, 1, 1, 224, 0, 30, 0, 1, 1, 44, 0, 50, 1, 244, 0, 1, 1, 44, 0, 50, 1, 244, 174, 30]
01 Jul 2015 14:11:32 triplecng.py[line:213] INFO triplecng received data : [17, 131, 1, 129, 53]
01 Jul 2015 14:11:32 triplecng.py[line:213] INFO triplecng received data : [18, 131, 1, 113, 53]
01 Jul 2015 14:11:32 triplecng.py[line:213] INFO triplecng received data : [18, 3, 2, 0, 0, 61, 135]
01 Jul 2015 14:11:32 triplecng.py[line:213] INFO triplecng received data : [18, 131, 1, 113, 53]
01 Jul 2015 14:11:33 triplecng.py[line:213] INFO triplecng received data : [18, 3, 8, 0, 40, 0, 60, 1, 244, 0, 20, 118, 85]
01 Jul 2015 14:11:33 triplecng.py[line:213] INFO triplecng received data : [18, 3, 10, 0, 140, 0, 250, 1, 194, 0, 40, 0, 70, 8, 214]
01 Jul 2015 14:11:33 triplecng.py[line:213] INFO triplecng received data : [18, 3, 12, 0, 0, 0, 3, 0, 140, 0, 250, 1, 194, 0, 0, 225, 81]
01 Jul 2015 14:11:33 triplecng.py[line:213] INFO triplecng received data : [18, 3, 14, 0, 0, 255, 206, 0, 45, 0, 130, 0, 8, 0, 30, 0, 0, 111, 64]
01 Jul 2015 14:11:33 triplecng.py[line:213] INFO triplecng received data : [18, 3, 50, 0, 0, 0, 18, 0, 1, 0, 0, 0, 45, 0, 35, 0, 5, 0, 1, 0, 0, 1, 94, 0, 1, 1, 44, 1, 44, 0, 50, 0, 1, 1, 224, 0, 30, 0, 1, 1, 44, 0, 50, 1, 244, 0, 1, 1, 44, 0, 50, 1, 244, 154, 14]
01 Jul 2015 14:11:33 triplecng.py[line:213] INFO triplecng received data : [18, 131, 1, 113, 53]
01 Jul 2015 14:11:33 triplecng.py[line:213] INFO triplecng received data : [19, 131, 1, 32, 245]
01 Jul 2015 14:11:33 triplecng.py[line:213] INFO triplecng received data : [19, 3, 2, 0, 0, 0, 71]
01 Jul 2015 14:11:33 triplecng.py[line:213] INFO triplecng received data : [19, 131, 1, 32, 245]
01 Jul 2015 14:11:33 triplecng.py[line:213] INFO triplecng received data : [19, 3, 8, 0, 40, 0, 60, 1, 244, 0, 20, 114, 169]
01 Jul 2015 14:11:34 triplecng.py[line:213] INFO triplecng received data : [19, 3, 10, 0, 140, 0, 230, 1, 194, 0, 50, 0, 70, 246, 81]
01 Jul 2015 14:11:34 triplecng.py[line:213] INFO triplecng received data : [19, 3, 12, 0, 0, 0, 3, 0, 140, 0, 230, 1, 194, 0, 0, 241, 147]
01 Jul 2015 14:11:34 triplecng.py[line:213] INFO triplecng received data : [19, 3, 14, 0, 0, 255, 206, 0, 45, 0, 130, 0, 8, 0, 30, 0, 0, 62, 208]
01 Jul 2015 14:11:34 triplecng.py[line:213] INFO triplecng received data : [19, 3, 50, 0, 0, 0, 19, 0, 1, 0, 0, 0, 45, 0, 35, 0, 5, 0, 1, 0, 0, 1, 94, 0, 1, 1, 44, 1, 44, 0, 50, 0, 1, 1, 224, 0, 30, 0, 1, 1, 44, 0, 50, 1, 244, 0, 1, 1, 44, 0, 50, 1, 244, 111, 7]
01 Jul 2015 14:11:34 triplecng.py[line:213] INFO triplecng received data : [19, 131, 1, 32, 245]
01 Jul 2015 14:11:34 triplecng.py[line:213] INFO triplecng received data : [16, 131, 1, 208, 245]
01 Jul 2015 14:11:34 triplecng.py[line:213] INFO triplecng received data : [16, 3, 2, 0, 0, 68, 71]
01 Jul 2015 14:11:34 triplecng.py[line:213] INFO triplecng received data : [16, 131, 1, 208, 245]
01 Jul 2015 14:11:34 triplecng.py[line:213] INFO triplecng received data : [16, 3, 8, 0, 40, 0, 60, 1, 244, 0, 20, 125, 237]
01 Jul 2015 14:11:34 triplecng.py[line:213] INFO triplecng received data : [16, 3, 10, 0, 120, 0, 250, 0, 230, 0, 50, 0, 70, 105, 65]
01 Jul 2015 14:11:35 triplecng.py[line:213] INFO triplecng received data : [16, 3, 12, 0, 0, 0, 3, 0, 120, 0, 250, 0, 230, 0, 0, 151, 104]
01 Jul 2015 14:11:35 triplecng.py[line:213] INFO triplecng received data : [16, 3, 14, 0, 0, 255, 206, 0, 45, 0, 130, 0, 8, 0, 30, 0, 0, 206, 32]
01 Jul 2015 14:11:35 triplecng.py[line:213] INFO triplecng received data : [16, 3, 50, 0, 0, 0, 16, 0, 1, 0, 0, 0, 55, 0, 45, 0, 5, 0, 1, 0, 0, 1, 94, 0, 1, 1, 44, 1, 44, 0, 50, 0, 1, 1, 224, 0, 30, 0, 1, 1, 44, 0, 50, 1, 244, 0, 1, 1, 44, 0, 50, 1, 244, 91, 23]
01 Jul 2015 14:11:35 triplecng.py[line:213] INFO triplecng received data : [16, 131, 1, 208, 245]
01 Jul 2015 14:11:35 triplecng.py[line:213] INFO triplecng received data : [17, 131, 1, 129, 53]
01 Jul 2015 14:11:35 triplecng.py[line:213] INFO triplecng received data : [17, 3, 2, 0, 0, 121, 135]
01 Jul 2015 14:11:35 triplecng.py[line:213] INFO triplecng received data : [17, 131, 1, 129, 53]
01 Jul 2015 14:11:35 triplecng.py[line:213] INFO triplecng received data : [17, 3, 8, 0, 40, 0, 60, 1, 244, 0, 20, 121, 17]
01 Jul 2015 14:11:35 triplecng.py[line:213] INFO triplecng received data : [17, 3, 10, 0, 120, 0, 230, 0, 250, 0, 50, 0, 70, 103, 195]
01 Jul 2015 14:11:36 triplecng.py[line:213] INFO triplecng received data : [17, 3, 12, 0, 0, 0, 3, 0, 120, 0, 230, 0, 250, 0, 0, 70, 108]
01 Jul 2015 14:11:36 triplecng.py[line:213] INFO triplecng received data : [17, 3, 14, 0, 0, 255, 186, 0, 45, 0, 130, 0, 8, 0, 30, 0, 0, 32, 65]
01 Jul 2015 14:11:36 triplecng.py[line:213] INFO triplecng received data : [17, 3, 50, 0, 0, 0, 17, 0, 1, 0, 0, 0, 55, 0, 45, 0, 5, 0, 1, 0, 0, 1, 94, 0, 1, 1, 44, 1, 44, 0, 50, 0, 1, 1, 224, 0, 30, 0, 1, 1, 44, 0, 50, 1, 244, 0, 1, 1, 44, 0, 50, 1, 244, 174, 30]
01 Jul 2015 14:11:36 triplecng.py[line:213] INFO triplecng received data : [17, 131, 1, 129, 53]
01 Jul 2015 14:11:36 triplecng.py[line:213] INFO triplecng received data : [18, 131, 1, 113, 53]
01 Jul 2015 14:11:36 triplecng.py[line:213] INFO triplecng received data : [18, 3, 2, 0, 0, 61, 135]
01 Jul 2015 14:11:36 triplecng.py[line:213] INFO triplecng received data : [18, 131, 1, 113, 53]
01 Jul 2015 14:11:36 triplecng.py[line:213] INFO triplecng received data : [18, 3, 8, 0, 40, 0, 60, 1, 244, 0, 20, 118, 85]
01 Jul 2015 14:11:36 triplecng.py[line:213] INFO triplecng received data : [18, 3, 10, 0, 140, 0, 250, 1, 194, 0, 40, 0, 70, 8, 214]
01 Jul 2015 14:11:36 triplecng.py[line:213] INFO triplecng received data : [18, 3, 12, 0, 0, 0, 3, 0, 140, 0, 250, 1, 194, 0, 0, 225, 81]
01 Jul 2015 14:11:37 triplecng.py[line:213] INFO triplecng received data : [18, 3, 14, 0, 0, 255, 206, 0, 45, 0, 130, 0, 8, 0, 30, 0, 0, 111, 64]
01 Jul 2015 14:11:37 triplecng.py[line:213] INFO triplecng received data : [18, 3, 50, 0, 0, 0, 18, 0, 1, 0, 0, 0, 45, 0, 35, 0, 5, 0, 1, 0, 0, 1, 94, 0, 1, 1, 44, 1, 44, 0, 50, 0, 1, 1, 224, 0, 30, 0, 1, 1, 44, 0, 50, 1, 244, 0, 1, 1, 44, 0, 50, 1, 244, 154, 14]
01 Jul 2015 14:11:37 triplecng.py[line:213] INFO triplecng received data : [18, 131, 1, 113, 53]
01 Jul 2015 14:11:37 triplecng.py[line:213] INFO triplecng received data : [19, 131, 1, 32, 245]
01 Jul 2015 14:11:37 triplecng.py[line:213] INFO triplecng received data : [19, 3, 2, 0, 0, 0, 71]
01 Jul 2015 14:11:37 triplecng.py[line:213] INFO triplecng received data : [19, 131, 1, 32, 245]
01 Jul 2015 14:11:37 triplecng.py[line:213] INFO triplecng received data : [19, 3, 8, 0, 40, 0, 60, 1, 244, 0, 20, 114, 169]
01 Jul 2015 14:11:37 triplecng.py[line:213] INFO triplecng received data : [19, 3, 10, 0, 140, 0, 230, 1, 194, 0, 50, 0, 70, 246, 81]
01 Jul 2015 14:11:37 triplecng.py[line:213] INFO triplecng received data : [19, 3, 12, 0, 0, 0, 3, 0, 140, 0, 230, 1, 194, 0, 0, 241, 147]
01 Jul 2015 14:11:37 triplecng.py[line:213] INFO triplecng received data : [19, 3, 14, 0, 0, 255, 206, 0, 45, 0, 130, 0, 8, 0, 30, 0, 0, 62, 208]
01 Jul 2015 14:11:38 triplecng.py[line:213] INFO triplecng received data : [19, 3, 50, 0, 0, 0, 19, 0, 1, 0, 0, 0, 45, 0, 35, 0, 5, 0, 1, 0, 0, 1, 94, 0, 1, 1, 44, 1, 44, 0, 50, 0, 1, 1, 224, 0, 30, 0, 1, 1, 44, 0, 50, 1, 244, 0, 1, 1, 44, 0, 50, 1, 244, 111, 7]
01 Jul 2015 14:11:38 triplecng.py[line:213] INFO triplecng received data : [19, 131, 1, 32, 245]
01 Jul 2015 14:11:38 triplecng.py[line:213] INFO triplecng received data : [16, 131, 1, 208, 245]
01 Jul 2015 14:11:38 triplecng.py[line:213] INFO triplecng received data : [16, 3, 2, 0, 0, 68, 71]
01 Jul 2015 14:11:38 triplecng.py[line:213] INFO triplecng received data : [16, 131, 1, 208, 245]
01 Jul 2015 14:11:38 triplecng.py[line:213] INFO triplecng received data : [16, 3, 8, 0, 40, 0, 60, 1, 244, 0, 20, 125, 237]
01 Jul 2015 14:11:38 triplecng.py[line:213] INFO triplecng received data : [16, 3, 10, 0, 120, 0, 250, 0, 230, 0, 50, 0, 70, 105, 65]
01 Jul 2015 14:11:38 triplecng.py[line:213] INFO triplecng received data : [16, 3, 12, 0, 0, 0, 3, 0, 120, 0, 250, 0, 230, 0, 0, 151, 104]
01 Jul 2015 14:11:38 triplecng.py[line:213] INFO triplecng received data : [16, 3, 14, 0, 0, 255, 206, 0, 45, 0, 130, 0, 8, 0, 30, 0, 0, 206, 32]
01 Jul 2015 14:11:38 triplecng.py[line:213] INFO triplecng received data : [16, 3, 50, 0, 0, 0, 16, 0, 1, 0, 0, 0, 55, 0, 45, 0, 5, 0, 1, 0, 0, 1, 94, 0, 1, 1, 44, 1, 44, 0, 50, 0, 1, 1, 224, 0, 30, 0, 1, 1, 44, 0, 50, 1, 244, 0, 1, 1, 44, 0, 50, 1, 244, 91, 23]
01 Jul 2015 14:11:39 triplecng.py[line:213] INFO triplecng received data : [16, 131, 1, 208, 245]
01 Jul 2015 14:11:39 triplecng.py[line:213] INFO triplecng received data : [17, 131, 1, 129, 53]
01 Jul 2015 14:11:39 triplecng.py[line:213] INFO triplecng received data : [17, 3, 2, 0, 0, 121, 135]
01 Jul 2015 14:11:39 triplecng.py[line:213] INFO triplecng received data : [17, 131, 1, 129, 53]
01 Jul 2015 14:11:39 triplecng.py[line:213] INFO triplecng received data : [17, 3, 8, 0, 40, 0, 60, 1, 244, 0, 20, 121, 17]
01 Jul 2015 14:11:39 triplecng.py[line:213] INFO triplecng received data : [17, 3, 10, 0, 120, 0, 230, 0, 250, 0, 50, 0, 70, 103, 195]
01 Jul 2015 14:11:39 triplecng.py[line:213] INFO triplecng received data : [17, 3, 12, 0, 0, 0, 3, 0, 120, 0, 230, 0, 250, 0, 0, 70, 108]
01 Jul 2015 14:11:39 triplecng.py[line:213] INFO triplecng received data : [17, 3, 14, 0, 0, 255, 186, 0, 45, 0, 130, 0, 8, 0, 30, 0, 0, 32, 65]
01 Jul 2015 14:11:39 triplecng.py[line:213] INFO triplecng received data : [17, 3, 50, 0, 0, 0, 17, 0, 1, 0, 0, 0, 55, 0, 45, 0, 5, 0, 1, 0, 0, 1, 94, 0, 1, 1, 44, 1, 44, 0, 50, 0, 1, 1, 224, 0, 30, 0, 1, 1, 44, 0, 50, 1, 244, 0, 1, 1, 44, 0, 50, 1, 244, 174, 30]
01 Jul 2015 14:11:39 triplecng.py[line:213] INFO triplecng received data : [17, 131, 1, 129, 53]
01 Jul 2015 14:11:40 triplecng.py[line:213] INFO triplecng received data : [18, 131, 1, 113, 53]
01 Jul 2015 14:11:40 triplecng.py[line:213] INFO triplecng received data : [18, 3, 2, 0, 0, 61, 135]
01 Jul 2015 14:11:40 triplecng.py[line:213] INFO triplecng received data : [18, 131, 1, 113, 53]
01 Jul 2015 14:11:40 triplecng.py[line:213] INFO triplecng received data : [18, 3, 8, 0, 40, 0, 60, 1, 244, 0, 20, 118, 85]
01 Jul 2015 14:11:40 triplecng.py[line:213] INFO triplecng received data : [18, 3, 10, 0, 140, 0, 250, 1, 194, 0, 40, 0, 70, 8, 214]
01 Jul 2015 14:11:40 triplecng.py[line:213] INFO triplecng received data : [18, 3, 12, 0, 0, 0, 3, 0, 140, 0, 250, 1, 194, 0, 0, 225, 81]
01 Jul 2015 14:11:40 triplecng.py[line:213] INFO triplecng received data : [18, 3, 14, 0, 0, 255, 206, 0, 45, 0, 130, 0, 8, 0, 30, 0, 0, 111, 64]
01 Jul 2015 14:11:40 triplecng.py[line:213] INFO triplecng received data : [18, 3, 50, 0, 0, 0, 18, 0, 1, 0, 0, 0, 45, 0, 35, 0, 5, 0, 1, 0, 0, 1, 94, 0, 1, 1, 44, 1, 44, 0, 50, 0, 1, 1, 224, 0, 30, 0, 1, 1, 44, 0, 50, 1, 244, 0, 1, 1, 44, 0, 50, 1, 244, 154, 14]
01 Jul 2015 14:11:40 triplecng.py[line:213] INFO triplecng received data : [18, 131, 1, 113, 53]
01 Jul 2015 14:11:40 triplecng.py[line:213] INFO triplecng received data : [19, 131, 1, 32, 245]
01 Jul 2015 14:11:41 triplecng.py[line:213] INFO triplecng received data : [19, 3, 2, 0, 0, 0, 71]
01 Jul 2015 14:11:41 triplecng.py[line:213] INFO triplecng received data : [19, 131, 1, 32, 245]
01 Jul 2015 14:11:41 triplecng.py[line:213] INFO triplecng received data : [19, 3, 8, 0, 40, 0, 60, 1, 244, 0, 20, 114, 169]
01 Jul 2015 14:11:41 triplecng.py[line:213] INFO triplecng received data : [19, 3, 10, 0, 140, 0, 230, 1, 194, 0, 50, 0, 70, 246, 81]
01 Jul 2015 14:11:41 triplecng.py[line:213] INFO triplecng received data : [19, 3, 12, 0, 0, 0, 3, 0, 140, 0, 230, 1, 194, 0, 0, 241, 147]
01 Jul 2015 14:11:41 triplecng.py[line:213] INFO triplecng received data : [19, 3, 14, 0, 0, 255, 206, 0, 45, 0, 130, 0, 8, 0, 30, 0, 0, 62, 208]
01 Jul 2015 14:11:41 triplecng.py[line:213] INFO triplecng received data : [19, 3, 50, 0, 0, 0, 19, 0, 1, 0, 0, 0, 45, 0, 35, 0, 5, 0, 1, 0, 0, 1, 94, 0, 1, 1, 44, 1, 44, 0, 50, 0, 1, 1, 224, 0, 30, 0, 1, 1, 44, 0, 50, 1, 244, 0, 1, 1, 44, 0, 50, 1, 244, 111, 7]
01 Jul 2015 14:11:41 triplecng.py[line:213] INFO triplecng received data : [19, 131, 1, 32, 245]
01 Jul 2015 14:11:41 triplecng.py[line:213] INFO triplecng received data : [16, 131, 1, 208, 245]
01 Jul 2015 14:11:41 triplecng.py[line:213] INFO triplecng received data : [16, 3, 2, 0, 0, 68, 71]
01 Jul 2015 14:11:42 triplecng.py[line:213] INFO triplecng received data : [16, 131, 1, 208, 245]
01 Jul 2015 14:11:42 triplecng.py[line:213] INFO triplecng received data : [16, 3, 8, 0, 40, 0, 60, 1, 244, 0, 20, 125, 237]
01 Jul 2015 14:11:42 triplecng.py[line:213] INFO triplecng received data : [16, 3, 10, 0, 120, 0, 250, 0, 230, 0, 50, 0, 70, 105, 65]
01 Jul 2015 14:11:42 triplecng.py[line:213] INFO triplecng received data : [16, 3, 12, 0, 0, 0, 3, 0, 120, 0, 250, 0, 230, 0, 0, 151, 104]
01 Jul 2015 14:11:42 triplecng.py[line:213] INFO triplecng received data : [16, 3, 14, 0, 0, 255, 206, 0, 45, 0, 130, 0, 8, 0, 30, 0, 0, 206, 32]
01 Jul 2015 14:11:42 triplecng.py[line:213] INFO triplecng received data : [16, 3, 50, 0, 0, 0, 16, 0, 1, 0, 0, 0, 55, 0, 45, 0, 5, 0, 1, 0, 0, 1, 94, 0, 1, 1, 44, 1, 44, 0, 50, 0, 1, 1, 224, 0, 30, 0, 1, 1, 44, 0, 50, 1, 244, 0, 1, 1, 44, 0, 50, 1, 244, 91, 23]
01 Jul 2015 14:11:42 triplecng.py[line:213] INFO triplecng received data : [16, 131, 1, 208, 245]
01 Jul 2015 14:11:42 triplecng.py[line:213] INFO triplecng received data : [17, 131, 1, 129, 53]
01 Jul 2015 14:11:42 triplecng.py[line:213] INFO triplecng received data : [17, 3, 2, 0, 0, 121, 135]
01 Jul 2015 14:11:42 triplecng.py[line:213] INFO triplecng received data : [17, 131, 1, 129, 53]
01 Jul 2015 14:11:43 triplecng.py[line:213] INFO triplecng received data : [17, 3, 8, 0, 40, 0, 60, 1, 244, 0, 20, 121, 17]
01 Jul 2015 14:11:43 triplecng.py[line:213] INFO triplecng received data : [17, 3, 10, 0, 120, 0, 230, 0, 250, 0, 50, 0, 70, 103, 195]
01 Jul 2015 14:11:43 triplecng.py[line:213] INFO triplecng received data : [17, 3, 12, 0, 0, 0, 3, 0, 120, 0, 230, 0, 250, 0, 0, 70, 108]
01 Jul 2015 14:11:43 triplecng.py[line:213] INFO triplecng received data : [17, 3, 14, 0, 0, 255, 186, 0, 45, 0, 130, 0, 8, 0, 30, 0, 0, 32, 65]
01 Jul 2015 14:11:43 triplecng.py[line:213] INFO triplecng received data : [17, 3, 50, 0, 0, 0, 17, 0, 1, 0, 0, 0, 55, 0, 45, 0, 5, 0, 1, 0, 0, 1, 94, 0, 1, 1, 44, 1, 44, 0, 50, 0, 1, 1, 224, 0, 30, 0, 1, 1, 44, 0, 50, 1, 244, 0, 1, 1, 44, 0, 50, 1, 244, 174, 30]
01 Jul 2015 14:11:43 triplecng.py[line:213] INFO triplecng received data : [17, 131, 1, 129, 53]
01 Jul 2015 14:11:43 triplecng.py[line:213] INFO triplecng received data : [18, 131, 1, 113, 53]
01 Jul 2015 14:11:43 triplecng.py[line:213] INFO triplecng received data : [18, 3, 2, 0, 0, 61, 135]
01 Jul 2015 14:11:43 triplecng.py[line:213] INFO triplecng received data : [18, 131, 1, 113, 53]
01 Jul 2015 14:11:43 triplecng.py[line:213] INFO triplecng received data : [18, 3, 8, 0, 40, 0, 60, 1, 244, 0, 20, 118, 85]
01 Jul 2015 14:11:44 triplecng.py[line:213] INFO triplecng received data : [18, 3, 10, 0, 140, 0, 250, 1, 194, 0, 40, 0, 70, 8, 214]
01 Jul 2015 14:11:44 triplecng.py[line:213] INFO triplecng received data : [18, 3, 12, 0, 0, 0, 3, 0, 140, 0, 250, 1, 194, 0, 0, 225, 81]
01 Jul 2015 14:11:44 triplecng.py[line:213] INFO triplecng received data : [18, 3, 14, 0, 0, 255, 206, 0, 45, 0, 130, 0, 8, 0, 30, 0, 0, 111, 64]
01 Jul 2015 14:11:44 triplecng.py[line:213] INFO triplecng received data : [18, 3, 50, 0, 0, 0, 18, 0, 1, 0, 0, 0, 45, 0, 35, 0, 5, 0, 1, 0, 0, 1, 94, 0, 1, 1, 44, 1, 44, 0, 50, 0, 1, 1, 224, 0, 30, 0, 1, 1, 44, 0, 50, 1, 244, 0, 1, 1, 44, 0, 50, 1, 244, 154, 14]
01 Jul 2015 14:11:44 triplecng.py[line:213] INFO triplecng received data : [18, 131, 1, 113, 53]
01 Jul 2015 14:11:44 triplecng.py[line:213] INFO triplecng received data : [19, 131, 1, 32, 245]
01 Jul 2015 14:11:44 triplecng.py[line:213] INFO triplecng received data : [19, 3, 2, 0, 0, 0, 71]
01 Jul 2015 14:11:44 triplecng.py[line:213] INFO triplecng received data : [19, 131, 1, 32, 245]
01 Jul 2015 14:11:44 triplecng.py[line:213] INFO triplecng received data : [19, 3, 8, 0, 40, 0, 60, 1, 244, 0, 20, 114, 169]
01 Jul 2015 14:11:44 triplecng.py[line:213] INFO triplecng received data : [19, 3, 10, 0, 140, 0, 230, 1, 194, 0, 50, 0, 70, 246, 81]
01 Jul 2015 14:11:45 triplecng.py[line:213] INFO triplecng received data : [19, 3, 12, 0, 0, 0, 3, 0, 140, 0, 230, 1, 194, 0, 0, 241, 147]
01 Jul 2015 14:11:45 triplecng.py[line:213] INFO triplecng received data : [19, 3, 14, 0, 0, 255, 206, 0, 45, 0, 130, 0, 8, 0, 30, 0, 0, 62, 208]
01 Jul 2015 14:11:45 triplecng.py[line:213] INFO triplecng received data : [19, 3, 50, 0, 0, 0, 19, 0, 1, 0, 0, 0, 45, 0, 35, 0, 5, 0, 1, 0, 0, 1, 94, 0, 1, 1, 44, 1, 44, 0, 50, 0, 1, 1, 224, 0, 30, 0, 1, 1, 44, 0, 50, 1, 244, 0, 1, 1, 44, 0, 50, 1, 244, 111, 7]
01 Jul 2015 14:11:45 triplecng.py[line:213] INFO triplecng received data : [19, 131, 1, 32, 245]
01 Jul 2015 14:11:45 triplecng.py[line:213] INFO triplecng received data : [16, 131, 1, 208, 245]
01 Jul 2015 14:11:45 triplecng.py[line:213] INFO triplecng received data : [16, 3, 2, 0, 0, 68, 71]
01 Jul 2015 14:11:45 triplecng.py[line:213] INFO triplecng received data : [16, 131, 1, 208, 245]
01 Jul 2015 14:11:45 triplecng.py[line:213] INFO triplecng received data : [16, 3, 8, 0, 40, 0, 60, 1, 244, 0, 20, 125, 237]
01 Jul 2015 14:11:45 triplecng.py[line:213] INFO triplecng received data : [16, 3, 10, 0, 120, 0, 250, 0, 230, 0, 50, 0, 70, 105, 65]
01 Jul 2015 14:11:45 triplecng.py[line:213] INFO triplecng received data : [16, 3, 12, 0, 0, 0, 3, 0, 120, 0, 250, 0, 230, 0, 0, 151, 104]
01 Jul 2015 14:11:46 triplecng.py[line:213] INFO triplecng received data : [16, 3, 14, 0, 0, 255, 206, 0, 45, 0, 130, 0, 8, 0, 30, 0, 0, 206, 32]
01 Jul 2015 14:11:46 triplecng.py[line:213] INFO triplecng received data : [16, 3, 50, 0, 0, 0, 16, 0, 1, 0, 0, 0, 55, 0, 45, 0, 5, 0, 1, 0, 0, 1, 94, 0, 1, 1, 44, 1, 44, 0, 50, 0, 1, 1, 224, 0, 30, 0, 1, 1, 44, 0, 50, 1, 244, 0, 1, 1, 44, 0, 50, 1, 244, 91, 23]
01 Jul 2015 14:11:46 triplecng.py[line:213] INFO triplecng received data : [16, 131, 1, 208, 245]
01 Jul 2015 14:11:46 triplecng.py[line:213] INFO triplecng received data : [17, 131, 1, 129, 53]
01 Jul 2015 14:11:46 triplecng.py[line:213] INFO triplecng received data : [17, 3, 2, 0, 0, 121, 135]
01 Jul 2015 14:11:46 triplecng.py[line:213] INFO triplecng received data : [17, 131, 1, 129, 53]
01 Jul 2015 14:11:46 triplecng.py[line:213] INFO triplecng received data : [17, 3, 8, 0, 40, 0, 60, 1, 244, 0, 20, 121, 17]
01 Jul 2015 14:11:46 triplecng.py[line:213] INFO triplecng received data : [17, 3, 10, 0, 120, 0, 230, 0, 250, 0, 50, 0, 70, 103, 195]
01 Jul 2015 14:11:46 triplecng.py[line:213] INFO triplecng received data : [17, 3, 12, 0, 0, 0, 3, 0, 120, 0, 230, 0, 250, 0, 0, 70, 108]
01 Jul 2015 14:11:46 triplecng.py[line:213] INFO triplecng received data : [17, 3, 14, 0, 0, 255, 186, 0, 45, 0, 130, 0, 8, 0, 30, 0, 0, 32, 65]
01 Jul 2015 14:11:47 triplecng.py[line:213] INFO triplecng received data : [17, 3, 50, 0, 0, 0, 17, 0, 1, 0, 0, 0, 55, 0, 45, 0, 5, 0, 1, 0, 0, 1, 94, 0, 1, 1, 44, 1, 44, 0, 50, 0, 1, 1, 224, 0, 30, 0, 1, 1, 44, 0, 50, 1, 244, 0, 1, 1, 44, 0, 50, 1, 244, 174, 30]
01 Jul 2015 14:11:47 triplecng.py[line:213] INFO triplecng received data : [17, 131, 1, 129, 53]
01 Jul 2015 14:11:47 triplecng.py[line:213] INFO triplecng received data : [18, 131, 1, 113, 53]
01 Jul 2015 14:11:47 triplecng.py[line:213] INFO triplecng received data : [18, 3, 2, 0, 0, 61, 135]
01 Jul 2015 14:11:47 triplecng.py[line:213] INFO triplecng received data : [18, 131, 1, 113, 53]
01 Jul 2015 14:11:47 triplecng.py[line:213] INFO triplecng received data : [18, 3, 8, 0, 40, 0, 60, 1, 244, 0, 20, 118, 85]
01 Jul 2015 14:11:47 triplecng.py[line:213] INFO triplecng received data : [18, 3, 10, 0, 140, 0, 250, 1, 194, 0, 40, 0, 70, 8, 214]
01 Jul 2015 14:11:47 triplecng.py[line:213] INFO triplecng received data : [18, 3, 12, 0, 0, 0, 3, 0, 140, 0, 250, 1, 194, 0, 0, 225, 81]
01 Jul 2015 14:11:47 triplecng.py[line:213] INFO triplecng received data : [18, 3, 14, 0, 0, 255, 206, 0, 45, 0, 130, 0, 8, 0, 30, 0, 0, 111, 64]
01 Jul 2015 14:11:47 triplecng.py[line:213] INFO triplecng received data : [18, 3, 50, 0, 0, 0, 18, 0, 1, 0, 0, 0, 45, 0, 35, 0, 5, 0, 1, 0, 0, 1, 94, 0, 1, 1, 44, 1, 44, 0, 50, 0, 1, 1, 224, 0, 30, 0, 1, 1, 44, 0, 50, 1, 244, 0, 1, 1, 44, 0, 50, 1, 244, 154, 14]
01 Jul 2015 14:11:48 triplecng.py[line:213] INFO triplecng received data : [18, 131, 1, 113, 53]
01 Jul 2015 14:11:48 triplecng.py[line:213] INFO triplecng received data : [19, 131, 1, 32, 245]
01 Jul 2015 14:11:48 triplecng.py[line:213] INFO triplecng received data : [19, 3, 2, 0, 0, 0, 71]
01 Jul 2015 14:11:48 triplecng.py[line:213] INFO triplecng received data : [19, 131, 1, 32, 245]
01 Jul 2015 14:11:48 triplecng.py[line:213] INFO triplecng received data : [19, 3, 8, 0, 40, 0, 60, 1, 244, 0, 20, 114, 169]
01 Jul 2015 14:11:48 triplecng.py[line:213] INFO triplecng received data : [19, 3, 10, 0, 140, 0, 230, 1, 194, 0, 50, 0, 70, 246, 81]
01 Jul 2015 14:11:48 triplecng.py[line:213] INFO triplecng received data : [19, 3, 12, 0, 0, 0, 3, 0, 140, 0, 230, 1, 194, 0, 0, 241, 147]
01 Jul 2015 14:11:48 triplecng.py[line:213] INFO triplecng received data : [19, 3, 14, 0, 0, 255, 206, 0, 45, 0, 130, 0, 8, 0, 30, 0, 0, 62, 208]
01 Jul 2015 14:11:48 triplecng.py[line:213] INFO triplecng received data : [19, 3, 50, 0, 0, 0, 19, 0, 1, 0, 0, 0, 45, 0, 35, 0, 5, 0, 1, 0, 0, 1, 94, 0, 1, 1, 44, 1, 44, 0, 50, 0, 1, 1, 224, 0, 30, 0, 1, 1, 44, 0, 50, 1, 244, 0, 1, 1, 44, 0, 50, 1, 244, 111, 7]
01 Jul 2015 14:11:48 triplecng.py[line:213] INFO triplecng received data : [19, 131, 1, 32, 245]
01 Jul 2015 14:11:49 triplecng.py[line:213] INFO triplecng received data : [16, 131, 1, 208, 245]
01 Jul 2015 14:11:49 triplecng.py[line:213] INFO triplecng received data : [16, 3, 2, 0, 0, 68, 71]
01 Jul 2015 14:11:49 triplecng.py[line:213] INFO triplecng received data : [16, 131, 1, 208, 245]
01 Jul 2015 14:11:49 triplecng.py[line:213] INFO triplecng received data : [16, 3, 8, 0, 40, 0, 60, 1, 244, 0, 20, 125, 237]
01 Jul 2015 14:11:49 triplecng.py[line:213] INFO triplecng received data : [16, 3, 10, 0, 120, 0, 250, 0, 230, 0, 50, 0, 70, 105, 65]
01 Jul 2015 14:11:49 triplecng.py[line:213] INFO triplecng received data : [16, 3, 12, 0, 0, 0, 3, 0, 120, 0, 250, 0, 230, 0, 0, 151, 104]
01 Jul 2015 14:11:49 triplecng.py[line:213] INFO triplecng received data : [16, 3, 14, 0, 0, 255, 206, 0, 45, 0, 130, 0, 8, 0, 30, 0, 0, 206, 32]
01 Jul 2015 14:11:49 triplecng.py[line:213] INFO triplecng received data : [16, 3, 50, 0, 0, 0, 16, 0, 1, 0, 0, 0, 55, 0, 45, 0, 5, 0, 1, 0, 0, 1, 94, 0, 1, 1, 44, 1, 44, 0, 50, 0, 1, 1, 224, 0, 30, 0, 1, 1, 44, 0, 50, 1, 244, 0, 1, 1, 44, 0, 50, 1, 244, 91, 23]
